#
# A fatal error has been detected by the Java Runtime Environment:
#
#  EXCEPTION_ACCESS_VIOLATION (0xc0000005) at pc=0x00007ffec9075325, pid=18596, tid=15604
#
# JRE version: OpenJDK Runtime Environment Temurin-21.0.1+12 (21.0.1+12) (build 21.0.1+12-LTS)
# Java VM: OpenJDK 64-Bit Server VM Temurin-21.0.1+12 (21.0.1+12-LTS, mixed mode, sharing, tiered, compressed oops, compressed class ptrs, g1 gc, windows-amd64)
# Problematic frame:
# srcscan starts
INFO: analyzing module animation_controller (VERI-9002)
INFO: analyzing module available_change_display (VERI-9002)
INFO: analyzing module bin2bcd (VERI-9002)
INFO: analyzing module cart_list_renderer (VERI-9002)
INFO: analyzing module change_dispenser (VERI-9002)
INFO: analyzing module change_text_renderer (VERI-9002)
INFO: analyzing module clk_divider (VERI-9002)
INFO: analyzing module coin_count_display (VERI-9002)
INFO: analyzing module coin_selector (VERI-9002)
INFO: analyzing module debounce (VERI-9002)
INFO: analyzing module dispensed_change_display (VERI-9002)
INFO: analyzing module help_display (VERI-9002)
INFO: analyzing module item_price_display (VERI-9002)
INFO: analyzing module main_fsm (VERI-9002)
INFO: analyzing module paid_calculator (VERI-9002)
INFO: analyzing module paid_text_renderer (VERI-9002)
INFO: analyzing module pc_vga_8x16_00_7F (VERI-9002)
INFO: analyzing module price_calculator (VERI-9002)
INFO: analyzing module refund_text_renderer (VERI-9002)
INFO: analyzing module sram (VERI-9002)
INFO: analyzing module text_renderer (VERI-9002)
INFO: analyzing module vending_fsm (VERI-9002)
INFO: analyzing module vga_sync (VERI-9002)
INFO: analyzing module lab10 (VERI-9002)
C:/Users/88696/AppData/Local/Temp/VivadoEditorAssist2321687337233521472.tmp(75): INFO: undeclared symbol 'dispensing', assumed default net type 'wire' (VERI-2561)
C:/Users/88696/AppData/Local/Temp/VivadoEditorAssist2321687337233521472.tmp(76): INFO: undeclared symbol 'dispense_completed', assumed default net type 'wire' (VERI-2561)
C:/Users/88696/AppData/Local/Temp/VivadoEditorAssist2321687337233521472.tmp(211): WARNING: 'dispensing' is already implicitly declared on line 75 (VERI-1362)
C:/Users/88696/AppData/Local/Temp/VivadoEditorAssist2321687337233521472.tmp(212): WARNING: 'dispense_completed' is already implicitly declared on line 76 (VERI-1362)
C:/Users/88696/AppData/Local/Temp/VivadoEditorAssist2321687337233521472.tmp(301): WARNING: literal value 'd500_000_000 truncated to fit in 28 bits (VERI-1208)
C:/Users/88696/AppData/Local/Temp/VivadoEditorAssist2321687337233521472.tmp(316): WARNING: literal value 'd500_000_000 truncated to fit in 28 bits (VERI-1208)
C:/Users/88696/AppData/Local/Temp/VivadoEditorAssist2321687337233521472.tmp(223): WARNING: identifier 'dispensed_coins' is used before its declaration (VERI-1875)
C:/Users/88696/AppData/Local/Temp/VivadoEditorAssist2321687337233521472.tmp(224): WARNING: identifier 'dispensed_coins' is used before its declaration (VERI-1875)
C:/Users/88696/AppData/Local/Temp/VivadoEditorAssist2321687337233521472.tmp(225): WARNING: identifier 'dispensed_coins' is used before its declaration (VERI-1875)
C:/Users/88696/AppData/Local/Temp/VivadoEditorAssist2321687337233521472.tmp(226): WARNING: identifier 'dispensed_coins' is used before its declaration (VERI-1875)
C:/Users/88696/AppData/Local/Temp/VivadoEditorAssist2321687337233521472.tmp(227): WARNING: identifier 'coins_inserted' is used before its declaration (VERI-1875)
C:/Users/88696/AppData/Local/Temp/VivadoEditorAssist2321687337233521472.tmp(228): WARNING: identifier 'coins_inserted' is used before its declaration (VERI-1875)
C:/Users/88696/AppData/Local/Temp/VivadoEditorAssist2321687337233521472.tmp(229): WARNING: identifier 'coins_inserted' is used before its declaration (VERI-1875)
C:/Users/88696/AppData/Local/Temp/VivadoEditorAssist2321687337233521472.tmp(230): WARNING: identifier 'coins_inserted' is used before its declaration (VERI-1875)
C:/Users/88696/AppData/Local/Temp/VivadoEditorAssist2321687337233521472.tmp(232): WARNING: identifier 'avail_coins' is used before its declaration (VERI-1875)
C:/Users/88696/AppData/Local/Temp/VivadoEditorAssist2321687337233521472.tmp(233): WARNING: identifier 'avail_coins' is used before its declaration (VERI-1875)
C:/Users/88696/AppData/Local/Temp/VivadoEditorAssist2321687337233521472.tmp(234): WARNING: identifier 'avail_coins' is used before its declaration (VERI-1875)
C:/Users/88696/AppData/Local/Temp/VivadoEditorAssist2321687337233521472.tmp(235): WARNING: identifier 'avail_coins' is used before its declaration (VERI-1875)
C:/Users/88696/AppData/Local/Temp/VivadoEditorAssist2321687337233521472.tmp(237): WARNING: identifier 'stock' is used before its declaration (VERI-1875)
C:/Users/88696/AppData/Local/Temp/VivadoEditorAssist2321687337233521472.tmp(237): WARNING: identifier 'stock' is used before its declaration (VERI-1875)
C:/Users/88696/AppData/Local/Temp/VivadoEditorAssist2321687337233521472.tmp(237): WARNING: identifier 'stock' is used before its declaration (VERI-1875)
C:/Users/88696/AppData/Local/Temp/VivadoEditorAssist2321687337233521472.tmp(238): WARNING: identifier 'stock' is used before its declaration (VERI-1875)
C:/Users/88696/AppData/Local/Temp/VivadoEditorAssist2321687337233521472.tmp(238): WARNING: identifier 'stock' is used before its declaration (VERI-1875)
C:/Users/88696/AppData/Local/Temp/VivadoEditorAssist2321687337233521472.tmp(238): WARNING: identifier 'stock' is used before its declaration (VERI-1875)
C:/Users/88696/AppData/Local/Temp/VivadoEditorAssist2321687337233521472.tmp(239): WARNING: identifier 'stock' is used before its declaration (VERI-1875)
C:/Users/88696/AppData/Local/Temp/VivadoEditorAssist2321687337233521472.tmp(239): WARNING: identifier 'stock' is used before its declaration (VERI-1875)
C:/Users/88696/AppData/Local/Temp/VivadoEditorAssist2321687337233521472.tmp(239): WARNING: identifier 'stock' is used before its declaration (VERI-1875)
C:/Users/88696/AppData/Local/Temp/VivadoEditorAssist2321687337233521472.tmp(252): WARNING: identifier 'dispensed_coins' is used before its declaration (VERI-1875)
C:/Users/88696/AppData/Local/Temp/VivadoEditorAssist2321687337233521472.tmp(253): WARNING: identifier 'dispensed_coins' is used before its declaration (VERI-1875)
C:/Users/88696/AppData/Local/Temp/VivadoEditorAssist2321687337233521472.tmp(254): WARNING: identifier 'dispensed_coins' is used before its declaration (VERI-1875)
C:/Users/88696/AppData/Local/Temp/VivadoEditorAssist2321687337233521472.tmp(255): WARNING: identifier 'dispensed_coins' is used before its declaration (VERI-1875)
C:/Users/88696/AppData/Local/Temp/VivadoEditorAssist2321687337233521472.tmp(256): WARNING: identifier 'coins_inserted' is used before its declaration (VERI-1875)
C:/Users/88696/AppData/Local/Temp/VivadoEditorAssist2321687337233521472.tmp(257): WARNING: identifier 'coins_inserted' is used before its declaration (VERI-1875)
C:/Users/88696/AppData/Local/Temp/VivadoEditorAssist2321687337233521472.tmp(258): WARNING: identifier 'coins_inserted' is used before its declaration (VERI-1875)
C:/Users/88696/AppData/Local/Temp/VivadoEditorAssist2321687337233521472.tmp(259): WARNING: identifier 'coins_inserted' is used before its declaration (VERI-1875)
C:/Users/88696/AppData/Local/Temp/VivadoEditorAssist2321687337233521472.tmp(264): WARNING: identifier 'avail_coins' is used before its declaration (VERI-1875)
C:/Users/88696/AppData/Local/Temp/VivadoEditorAssist2321687337233521472.tmp(264): WARNING: identifier 'avail_coins' is used before its declaration (VERI-1875)
C:/Users/88696/AppData/Local/Temp/VivadoEditorAssist2321687337233521472.tmp(264): WARNING: identifier 'coins_inserted' is used before its declaration (VERI-1875)
C:/Users/88696/AppData/Local/Temp/VivadoEditorAssist2321687337233521472.tmp(265): WARNING: identifier 'avail_coins' is used before its declaration (VERI-1875)
C:/Users/88696/AppData/Local/Temp/VivadoEditorAssist2321687337233521472.tmp(265): WARNING: identifier 'avail_coins' is used before its declaration (VERI-1875)
C:/Users/88696/AppData/Local/Temp/VivadoEditorAssist2321687337233521472.tmp(265): WARNING: identifier 'coins_inserted' is used before its declaration (VERI-1875)
C:/Users/88696/AppData/Local/Temp/VivadoEditorAssist2321687337233521472.tmp(266): WARNING: identifier 'avail_coins' is used before its declaration (VERI-1875)
C:/Users/88696/AppData/Local/Temp/VivadoEditorAssist2321687337233521472.tmp(266): WARNING: identifier 'avail_coins' is used before its declaration (VERI-1875)
C:/Users/88696/AppData/Local/Temp/VivadoEditorAssist2321687337233521472.tmp(266): WARNING: identifier 'coins_inserted' is used before its declaration (VERI-1875)
C:/Users/88696/AppData/Local/Temp/VivadoEditorAssist2321687337233521472.tmp(267): WARNING: identifier 'avail_coins' is used before its declaration (VERI-1875)
C:/Users/88696/AppData/Local/Temp/VivadoEditorAssist2321687337233521472.tmp(267): WARNING: identifier 'avail_coins' is used before its declaration (VERI-1875)
C:/Users/88696/AppData/Local/Temp/VivadoEditorAssist2321687337233521472.tmp(267): WARNING: identifier 'coins_inserted' is used before its declaration (VERI-1875)
C:/Users/88696/AppData/Local/Temp/VivadoEditorAssist2321687337233521472.tmp(271): WARNING: identifier 'stock' is used before its declaration (VERI-1875)
C:/Users/88696/AppData/Local/Temp/VivadoEditorAssist2321687337233521472.tmp(271): WARNING: identifier 'stock' is used before its declaration (VERI-1875)
C:/Users/88696/AppData/Local/Temp/VivadoEditorAssist2321687337233521472.tmp(271): WARNING: identifier 'cart_quantity' is used before its declaration (VERI-1875)
C:/Users/88696/AppData/Local/Temp/VivadoEditorAssist2321687337233521472.tmp(272): WARNING: identifier 'stock' is used before its declaration (VERI-1875)
C:/Users/88696/AppData/Local/Temp/VivadoEditorAssist2321687337233521472.tmp(272): WARNING: identifier 'stock' is used before its declaration (VERI-1875)
C:/Users/88696/AppData/Local/Temp/VivadoEditorAssist2321687337233521472.tmp(272): WARNING: identifier 'cart_quantity' is used before its declaration (VERI-1875)
C:/Users/88696/AppData/Local/Temp/VivadoEditorAssist2321687337233521472.tmp(273): WARNING: identifier 'stock' is used before its declaration (VERI-1875)
C:/Users/88696/AppData/Local/Temp/VivadoEditorAssist2321687337233521472.tmp(273): WARNING: identifier 'stock' is used before its declaration (VERI-1875)
C:/Users/88696/AppData/Local/Temp/VivadoEditorAssist2321687337233521472.tmp(273): WARNING: identifier 'cart_quantity' is used before its declaration (VERI-1875)
C:/Users/88696/AppData/Local/Temp/VivadoEditorAssist2321687337233521472.tmp(274): WARNING: identifier 'stock' is used before its declaration (VERI-1875)
C:/Users/88696/AppData/Local/Temp/VivadoEditorAssist2321687337233521472.tmp(274): WARNING: identifier 'stock' is used before its declaration (VERI-1875)
C:/Users/88696/AppData/Local/Temp/VivadoEditorAssist2321687337233521472.tmp(274): WARNING: identifier 'cart_quantity' is used before its declaration (VERI-1875)
C:/Users/88696/AppData/Local/Temp/VivadoEditorAssist2321687337233521472.tmp(275): WARNING: identifier 'stock' is used before its declaration (VERI-1875)
C:/Users/88696/AppData/Local/Temp/VivadoEditorAssist2321687337233521472.tmp(275): WARNING: identifier 'stock' is used before its declaration (VERI-1875)
C:/Users/88696/AppData/Local/Temp/VivadoEditorAssist2321687337233521472.tmp(275): WARNING: identifier 'cart_quantity' is used before its declaration (VERI-1875)
C:/Users/88696/AppData/Local/Temp/VivadoEditorAssist2321687337233521472.tmp(276): WARNING: identifier 'stock' is used before its declaration (VERI-1875)
C:/Users/88696/AppData/Local/Temp/VivadoEditorAssist2321687337233521472.tmp(276): WARNING: identifier 'stock' is used before its declaration (VERI-1875)
C:/Users/88696/AppData/Local/Temp/VivadoEditorAssist2321687337233521472.tmp(276): WARNING: identifier 'cart_quantity' is used before its declaration (VERI-1875)
C:/Users/88696/AppData/Local/Temp/VivadoEditorAssist2321687337233521472.tmp(277): WARNING: identifier 'stock' is used before its declaration (VERI-1875)
C:/Users/88696/AppData/Local/Temp/VivadoEditorAssist2321687337233521472.tmp(277): WARNING: identifier 'stock' is used before its declaration (VERI-1875)
C:/Users/88696/AppData/Local/Temp/VivadoEditorAssist2321687337233521472.tmp(277): WARNING: identifier 'cart_quantity' is used before its declaration (VERI-1875)
C:/Users/88696/AppData/Local/Temp/VivadoEditorAssist2321687337233521472.tmp(278): WARNING: identifier 'stock' is used before its declaration (VERI-1875)
C:/Users/88696/AppData/Local/Temp/VivadoEditorAssist2321687337233521472.tmp(278): WARNING: identifier 'stock' is used before its declaration (VERI-1875)
C:/Users/88696/AppData/Local/Temp/VivadoEditorAssist2321687337233521472.tmp(278): WARNING: identifier 'cart_quantity' is used before its declaration (VERI-1875)
C:/Users/88696/AppData/Local/Temp/VivadoEditorAssist2321687337233521472.tmp(279): WARNING: identifier 'stock' is used before its declaration (VERI-1875)
C:/Users/88696/AppData/Local/Temp/VivadoEditorAssist2321687337233521472.tmp(279): WARNING: identifier 'stock' is used before its declaration (VERI-1875)
C:/Users/88696/AppData/Local/Temp/VivadoEditorAssist2321687337233521472.tmp(279): WARNING: identifier 'cart_quantity' is used before its declaration (VERI-1875)
C:/Users/88696/AppData/Local/Temp/VivadoEditorAssist2321687337233521472.tmp(283): WARNING: identifier 'dispensed_coins' is used before its declaration (VERI-1875)
C:/Users/88696/AppData/Local/Temp/VivadoEditorAssist2321687337233521472.tmp(284): WARNING: identifier 'dispensed_coins' is used before its declaration (VERI-1875)
C:/Users/88696/AppData/Local/Temp/VivadoEditorAssist2321687337233521472.tmp(285): WARNING: identifier 'dispensed_coins' is used before its declaration (VERI-1875)
C:/Users/88696/AppData/Local/Temp/VivadoEditorAssist2321687337233521472.tmp(286): WARNING: identifier 'dispensed_coins' is used before its declaration (VERI-1875)
C:/Users/88696/AppData/Local/Temp/VivadoEditorAssist2321687337233521472.tmp(331): WARNING: identifier 'coins_inserted' is used before its declaration (VERI-1875)
C:/Users/88696/AppData/Local/Temp/VivadoEditorAssist2321687337233521472.tmp(331): WARNING: identifier 'coins_inserted' is used before its declaration (VERI-1875)
INFO: analyzing module dispensed_count_display (VERI-9002)
srcscan exits with return value 0
