#-----------------------------------------------------------
# Vivado v2025.1 (64-bit)
# SW Build 6140274 on Thu May 22 00:12:29 MDT 2025
# IP Build 6138677 on Thu May 22 03:10:11 MDT 2025
# SharedData Build 6139179 on Tue May 20 17:58:58 MDT 2025
# Start of session at: Sat Nov 29 23:39:16 2025
# Process ID         : 32128
# Current directory  : C:/Users/88696/VerilogCode/FinalProject/VendingMachine/lab10
# Command line       : vivado.exe -gui_launcher_event rodinguilauncherevent10920 C:\Users\88696\VerilogCode\FinalProject\VendingMachine\lab10\lab10.xpr
# Log file           : C:/Users/88696/VerilogCode/FinalProject/VendingMachine/lab10/vivado.log
# Journal file       : C:/Users/88696/VerilogCode/FinalProject/VendingMachine/lab10\vivado.jou
# Running On         : DESKTOP-2CVGOV3
# Platform           : Windows Server 2016 or Windows 10
# Operating System   : 22631
# Processor Detail   : 11th Gen Intel(R) Core(TM) i5-1135G7 @ 2.40GHz
# CPU Frequency      : 2419 MHz
# CPU Physical cores : 4
# CPU Logical cores  : 8
# Host memory        : 8273 MB
# Swap memory        : 17446 MB
# Total Virtual      : 25720 MB
# Available Virtual  : 15306 MB
#-----------------------------------------------------------
start_gui
open_project C:/Users/88696/VerilogCode/FinalProject/VendingMachine/lab10/lab10.xpr
WARNING: [Board 49-26] cannot add Board Part xilinx.com:emb-plus-vpr-4616:part0:1.0 available at C:/Xilinx/2025.1/data/xhub/boards\XilinxBoardStore\boards\Xilinx\emb-plus-vpr-4616\1.0\board.xml as part xcve2302-sfva784-2mp-e-s specified in board_part file is either invalid or not available
WARNING: [Board 49-26] cannot add Board Part xilinx.com:emb-plus-vpr-4616:part0:1.1 available at C:/Xilinx/2025.1/data/xhub/boards\XilinxBoardStore\boards\Xilinx\emb-plus-vpr-4616\1.1\board.xml as part xcve2302-sfva784-2mp-e-s specified in board_part file is either invalid or not available
WARNING: [Board 49-26] cannot add Board Part xilinx.com:kcu105:part0:1.6 available at C:/Xilinx/2025.1/data/xhub/boards\XilinxBoardStore\boards\Xilinx\kcu105\1.6\board.xml as part xcku040-ffva1156-2-e specified in board_part file is either invalid or not available
WARNING: [Board 49-26] cannot add Board Part xilinx.com:kcu105:part0:1.7 available at C:/Xilinx/2025.1/data/xhub/boards\XilinxBoardStore\boards\Xilinx\kcu105\1.7\board.xml as part xcku040-ffva1156-2-e specified in board_part file is either invalid or not available
WARNING: [Board 49-26] cannot add Board Part xilinx.com:kcu116:part0:1.4 available at C:/Xilinx/2025.1/data/xhub/boards\XilinxBoardStore\boards\Xilinx\kcu116\1.4\board.xml as part xcku5p-ffvb676-2-e specified in board_part file is either invalid or not available
WARNING: [Board 49-26] cannot add Board Part xilinx.com:kcu116:part0:1.5 available at C:/Xilinx/2025.1/data/xhub/boards\XilinxBoardStore\boards\Xilinx\kcu116\1.5\board.xml as part xcku5p-ffvb676-2-e specified in board_part file is either invalid or not available
WARNING: [Board 49-26] cannot add Board Part xilinx.com:kcu1500:part0:1.2 available at C:/Xilinx/2025.1/data/xhub/boards\XilinxBoardStore\boards\Xilinx\kcu1500\1.2\board.xml as part xcku115-flvb2104-2-e specified in board_part file is either invalid or not available
WARNING: [Board 49-26] cannot add Board Part xilinx.com:scu35:part0:1.0 available at C:/Xilinx/2025.1/data/xhub/boards\XilinxBoardStore\boards\Xilinx\scu35\1.0\board.xml as part xcsu35p-sbvb625-2-e specified in board_part file is either invalid or not available
WARNING: [Board 49-26] cannot add Board Part xilinx.com:v80:part0:1.0 available at C:/Xilinx/2025.1/data/xhub/boards\XilinxBoardStore\boards\Xilinx\v80\1.0\board.xml as part xcv80-lsva4737-2mhp-e-s specified in board_part file is either invalid or not available
WARNING: [Board 49-26] cannot add Board Part xilinx.com:vck190:part0:2.2 available at C:/Xilinx/2025.1/data/xhub/boards\XilinxBoardStore\boards\Xilinx\vck190\production\2.2\board.xml as part xcvc1902-vsva2197-2mp-e-s specified in board_part file is either invalid or not available
WARNING: [Board 49-26] cannot add Board Part xilinx.com:vck190:part0:3.0 available at C:/Xilinx/2025.1/data/xhub/boards\XilinxBoardStore\boards\Xilinx\vck190\production\3.0\board.xml as part xcvc1902-vsva2197-2mp-e-s specified in board_part file is either invalid or not available
WARNING: [Board 49-26] cannot add Board Part xilinx.com:vck190:part0:3.1 available at C:/Xilinx/2025.1/data/xhub/boards\XilinxBoardStore\boards\Xilinx\vck190\production\3.1\board.xml as part xcvc1902-vsva2197-2mp-e-s specified in board_part file is either invalid or not available
WARNING: [Board 49-26] cannot add Board Part xilinx.com:vck190:part0:3.2 available at C:/Xilinx/2025.1/data/xhub/boards\XilinxBoardStore\boards\Xilinx\vck190\production\3.2\board.xml as part xcvc1902-vsva2197-2mp-e-s specified in board_part file is either invalid or not available
WARNING: [Board 49-26] cannot add Board Part xilinx.com:vck190:part0:3.3 available at C:/Xilinx/2025.1/data/xhub/boards\XilinxBoardStore\boards\Xilinx\vck190\production\3.3\board.xml as part xcvc1902-vsva2197-2mp-e-s specified in board_part file is either invalid or not available
WARNING: [Board 49-26] cannot add Board Part xilinx.com:vck190:part0:3.4 available at C:/Xilinx/2025.1/data/xhub/boards\XilinxBoardStore\boards\Xilinx\vck190\production\3.4\board.xml as part xcvc1902-vsva2197-2mp-e-s specified in board_part file is either invalid or not available
WARNING: [Board 49-26] cannot add Board Part xilinx.com:vck190_newl:part0:1.0 available at C:/Xilinx/2025.1/data/xhub/boards\XilinxBoardStore\boards\Xilinx\vck190_newl\production\1.0\board.xml as part xcvc1902-vsva2197-2mp-e-s specified in board_part file is either invalid or not available
WARNING: [Board 49-26] cannot add Board Part xilinx.com:vck190_newl:part0:1.1 available at C:/Xilinx/2025.1/data/xhub/boards\XilinxBoardStore\boards\Xilinx\vck190_newl\production\1.1\board.xml as part xcvc1902-vsva2197-2mp-e-s specified in board_part file is either invalid or not available
WARNING: [Board 49-26] cannot add Board Part xilinx.com:vck190_newl:part0:1.2 available at C:/Xilinx/2025.1/data/xhub/boards\XilinxBoardStore\boards\Xilinx\vck190_newl\production\1.2\board.xml as part xcvc1902-vsva2197-2mp-e-s specified in board_part file is either invalid or not available
WARNING: [Board 49-26] cannot add Board Part xilinx.com:vck190_newl:part0:1.3 available at C:/Xilinx/2025.1/data/xhub/boards\XilinxBoardStore\boards\Xilinx\vck190_newl\production\1.3\board.xml as part xcvc1902-vsva2197-2mp-e-s specified in board_part file is either invalid or not available
WARNING: [Board 49-26] cannot add Board Part xilinx.com:vcu108:part0:1.6 available at C:/Xilinx/2025.1/data/xhub/boards\XilinxBoardStore\boards\Xilinx\vcu108\1.6\board.xml as part xcvu095-ffva2104-2-e specified in board_part file is either invalid or not available
WARNING: [Board 49-26] cannot add Board Part xilinx.com:vcu108:part0:1.7 available at C:/Xilinx/2025.1/data/xhub/boards\XilinxBoardStore\boards\Xilinx\vcu108\1.7\board.xml as part xcvu095-ffva2104-2-e specified in board_part file is either invalid or not available
WARNING: [Board 49-26] cannot add Board Part xilinx.com:vcu110:part0:1.4 available at C:/Xilinx/2025.1/data/xhub/boards\XilinxBoardStore\boards\Xilinx\vcu110\1.4\board.xml as part xcvu190-flgc2104-2-e specified in board_part file is either invalid or not available
WARNING: [Board 49-26] cannot add Board Part xilinx.com:vcu118:part0:2.0 available at C:/Xilinx/2025.1/data/xhub/boards\XilinxBoardStore\boards\Xilinx\vcu118\2.0\board.xml as part xcvu9p-flga2104-2l-e specified in board_part file is either invalid or not available
WARNING: [Board 49-26] cannot add Board Part xilinx.com:vcu118:part0:2.3 available at C:/Xilinx/2025.1/data/xhub/boards\XilinxBoardStore\boards\Xilinx\vcu118\2.3\board.xml as part xcvu9p-flga2104-2l-e specified in board_part file is either invalid or not available
WARNING: [Board 49-26] cannot add Board Part xilinx.com:vcu118:part0:2.4 available at C:/Xilinx/2025.1/data/xhub/boards\XilinxBoardStore\boards\Xilinx\vcu118\2.4\board.xml as part xcvu9p-flga2104-2l-e specified in board_part file is either invalid or not available
WARNING: [Board 49-26] cannot add Board Part xilinx.com:vcu128:part0:1.0 available at C:/Xilinx/2025.1/data/xhub/boards\XilinxBoardStore\boards\Xilinx\vcu128\production\1.0\board.xml as part xcvu37p-fsvh2892-2l-e specified in board_part file is either invalid or not available
WARNING: [Board 49-26] cannot add Board Part xilinx.com:vcu129:part0:1.0 available at C:/Xilinx/2025.1/data/xhub/boards\XilinxBoardStore\boards\Xilinx\vcu129\production\1.0\board.xml as part xcvu29p-fsga2577-2l-e specified in board_part file is either invalid or not available
WARNING: [Board 49-26] cannot add Board Part xilinx.com:vcu1525:part0:1.3 available at C:/Xilinx/2025.1/data/xhub/boards\XilinxBoardStore\boards\Xilinx\vcu1525\1.3\board.xml as part xcvu9p-fsgd2104-2l-e specified in board_part file is either invalid or not available
WARNING: [Board 49-26] cannot add Board Part xilinx.com:vek280:part0:1.0 available at C:/Xilinx/2025.1/data/xhub/boards\XilinxBoardStore\boards\Xilinx\vek280\production\1.0\board.xml as part xcve2802-vsvh1760-2mp-e-s specified in board_part file is either invalid or not available
WARNING: [Board 49-26] cannot add Board Part xilinx.com:vek280:part0:1.1 available at C:/Xilinx/2025.1/data/xhub/boards\XilinxBoardStore\boards\Xilinx\vek280\production\1.1\board.xml as part xcve2802-vsvh1760-2mp-e-s specified in board_part file is either invalid or not available
WARNING: [Board 49-26] cannot add Board Part xilinx.com:vek280:part0:1.2 available at C:/Xilinx/2025.1/data/xhub/boards\XilinxBoardStore\boards\Xilinx\vek280\production\1.2\board.xml as part xcve2802-vsvh1760-2mp-e-s specified in board_part file is either invalid or not available
WARNING: [Board 49-26] cannot add Board Part xilinx.com:vek385:part0:1.0 available at C:/Xilinx/2025.1/data/xhub/boards\XilinxBoardStore\boards\Xilinx\vek385\1.0\board.xml as part xc2ve3858-ssva2112-2mp-e-s specified in board_part file is either invalid or not available
WARNING: [Board 49-26] cannot add Board Part xilinx.com:vermeo_t1_mpsoc:part0:1.0 available at C:/Xilinx/2025.1/data/xhub/boards\XilinxBoardStore\boards\Xilinx\vermeo_t1_mpsoc\1.0\board.xml as part xczu19eg-ffvd1760-2l-e specified in board_part file is either invalid or not available
WARNING: [Board 49-26] cannot add Board Part xilinx.com:vermeo_t1_rfsoc:part0:1.0 available at C:/Xilinx/2025.1/data/xhub/boards\XilinxBoardStore\boards\Xilinx\vermeo_t1_rfsoc\1.0\board.xml as part xczu21dr-ffvd1156-2l-e specified in board_part file is either invalid or not available
WARNING: [Board 49-26] cannot add Board Part xilinx.com:vhk158:part0:1.0 available at C:/Xilinx/2025.1/data/xhub/boards\XilinxBoardStore\boards\Xilinx\vhk158\production\1.0\board.xml as part xcvh1582-vsva3697-2mp-e-s specified in board_part file is either invalid or not available
WARNING: [Board 49-26] cannot add Board Part xilinx.com:vhk158:part0:1.1 available at C:/Xilinx/2025.1/data/xhub/boards\XilinxBoardStore\boards\Xilinx\vhk158\production\1.1\board.xml as part xcvh1582-vsva3697-2mp-e-s specified in board_part file is either invalid or not available
WARNING: [Board 49-26] cannot add Board Part xilinx.com:vhk158:part0:1.2 available at C:/Xilinx/2025.1/data/xhub/boards\XilinxBoardStore\boards\Xilinx\vhk158\production\1.2\board.xml as part xcvh1582-vsva3697-2mp-e-s specified in board_part file is either invalid or not available
WARNING: [Board 49-26] cannot add Board Part xilinx.com:vmk180:part0:2.2 available at C:/Xilinx/2025.1/data/xhub/boards\XilinxBoardStore\boards\Xilinx\vmk180\production\2.2\board.xml as part xcvm1802-vsva2197-2mp-e-s specified in board_part file is either invalid or not available
WARNING: [Board 49-26] cannot add Board Part xilinx.com:vmk180:part0:3.0 available at C:/Xilinx/2025.1/data/xhub/boards\XilinxBoardStore\boards\Xilinx\vmk180\production\3.0\board.xml as part xcvm1802-vsva2197-2mp-e-s specified in board_part file is either invalid or not available
WARNING: [Board 49-26] cannot add Board Part xilinx.com:vmk180:part0:3.1 available at C:/Xilinx/2025.1/data/xhub/boards\XilinxBoardStore\boards\Xilinx\vmk180\production\3.1\board.xml as part xcvm1802-vsva2197-2mp-e-s specified in board_part file is either invalid or not available
WARNING: [Board 49-26] cannot add Board Part xilinx.com:vmk180:part0:3.2 available at C:/Xilinx/2025.1/data/xhub/boards\XilinxBoardStore\boards\Xilinx\vmk180\production\3.2\board.xml as part xcvm1802-vsva2197-2mp-e-s specified in board_part file is either invalid or not available
WARNING: [Board 49-26] cannot add Board Part xilinx.com:vmk180:part0:3.3 available at C:/Xilinx/2025.1/data/xhub/boards\XilinxBoardStore\boards\Xilinx\vmk180\production\3.3\board.xml as part xcvm1802-vsva2197-2mp-e-s specified in board_part file is either invalid or not available
WARNING: [Board 49-26] cannot add Board Part xilinx.com:vmk180_newl:part0:1.0 available at C:/Xilinx/2025.1/data/xhub/boards\XilinxBoardStore\boards\Xilinx\vmk180_newl\production\1.0\board.xml as part xcvm1802-vsva2197-2mp-e-s specified in board_part file is either invalid or not available
WARNING: [Board 49-26] cannot add Board Part xilinx.com:vmk180_newl:part0:1.1 available at C:/Xilinx/2025.1/data/xhub/boards\XilinxBoardStore\boards\Xilinx\vmk180_newl\production\1.1\board.xml as part xcvm1802-vsva2197-2mp-e-s specified in board_part file is either invalid or not available
WARNING: [Board 49-26] cannot add Board Part xilinx.com:vpk120:part0:1.0 available at C:/Xilinx/2025.1/data/xhub/boards\XilinxBoardStore\boards\Xilinx\vpk120\production\1.0\board.xml as part xcvp1202-vsva2785-2mp-e-s specified in board_part file is either invalid or not available
WARNING: [Board 49-26] cannot add Board Part xilinx.com:vpk120:part0:1.1 available at C:/Xilinx/2025.1/data/xhub/boards\XilinxBoardStore\boards\Xilinx\vpk120\production\1.1\board.xml as part xcvp1202-vsva2785-2mp-e-s specified in board_part file is either invalid or not available
WARNING: [Board 49-26] cannot add Board Part xilinx.com:vpk120:part0:1.2 available at C:/Xilinx/2025.1/data/xhub/boards\XilinxBoardStore\boards\Xilinx\vpk120\production\1.2\board.xml as part xcvp1202-vsva2785-2mp-e-s specified in board_part file is either invalid or not available
WARNING: [Board 49-26] cannot add Board Part xilinx.com:vpk180:part0:1.0 available at C:/Xilinx/2025.1/data/xhub/boards\XilinxBoardStore\boards\Xilinx\vpk180\production\1.0\board.xml as part xcvp1802-lsvc4072-2mp-e-s specified in board_part file is either invalid or not available
WARNING: [Board 49-26] cannot add Board Part xilinx.com:vpk180:part0:1.1 available at C:/Xilinx/2025.1/data/xhub/boards\XilinxBoardStore\boards\Xilinx\vpk180\production\1.1\board.xml as part xcvp1802-lsvc4072-2mp-e-s specified in board_part file is either invalid or not available
WARNING: [Board 49-26] cannot add Board Part xilinx.com:vpk180:part0:1.2 available at C:/Xilinx/2025.1/data/xhub/boards\XilinxBoardStore\boards\Xilinx\vpk180\production\1.2\board.xml as part xcvp1802-lsvc4072-2mp-e-s specified in board_part file is either invalid or not available
WARNING: [Board 49-26] cannot add Board Part xilinx.com:zc702:part0:1.4 available at C:/Xilinx/2025.1/data/xhub/boards\XilinxBoardStore\boards\Xilinx\zc702\1.4\board.xml as part xc7z020clg484-1 specified in board_part file is either invalid or not available
WARNING: [Board 49-26] cannot add Board Part xilinx.com:zc706:part0:1.4 available at C:/Xilinx/2025.1/data/xhub/boards\XilinxBoardStore\boards\Xilinx\zc706\1.4\board.xml as part xc7z045ffg900-2 specified in board_part file is either invalid or not available
WARNING: [Board 49-26] cannot add Board Part xilinx.com:zcu102:part0:3.3 available at C:/Xilinx/2025.1/data/xhub/boards\XilinxBoardStore\boards\Xilinx\zcu102\3.3\board.xml as part xczu9eg-ffvb1156-2-e specified in board_part file is either invalid or not available
WARNING: [Board 49-26] cannot add Board Part xilinx.com:zcu102:part0:3.4 available at C:/Xilinx/2025.1/data/xhub/boards\XilinxBoardStore\boards\Xilinx\zcu102\3.4\board.xml as part xczu9eg-ffvb1156-2-e specified in board_part file is either invalid or not available
WARNING: [Board 49-26] cannot add Board Part xilinx.com:zcu104:part0:1.1 available at C:/Xilinx/2025.1/data/xhub/boards\XilinxBoardStore\boards\Xilinx\zcu104\1.1\board.xml as part xczu7ev-ffvc1156-2-e specified in board_part file is either invalid or not available
WARNING: [Board 49-26] cannot add Board Part xilinx.com:zcu106:part0:2.4 available at C:/Xilinx/2025.1/data/xhub/boards\XilinxBoardStore\boards\Xilinx\zcu106\2.4\board.xml as part xczu7ev-ffvc1156-2-e specified in board_part file is either invalid or not available
WARNING: [Board 49-26] cannot add Board Part xilinx.com:zcu106:part0:2.5 available at C:/Xilinx/2025.1/data/xhub/boards\XilinxBoardStore\boards\Xilinx\zcu106\2.5\board.xml as part xczu7ev-ffvc1156-2-e specified in board_part file is either invalid or not available
WARNING: [Board 49-26] cannot add Board Part xilinx.com:zcu106:part0:2.6 available at C:/Xilinx/2025.1/data/xhub/boards\XilinxBoardStore\boards\Xilinx\zcu106\2.6\board.xml as part xczu7ev-ffvc1156-2-e specified in board_part file is either invalid or not available
WARNING: [Board 49-26] cannot add Board Part xilinx.com:zcu111:part0:1.2 available at C:/Xilinx/2025.1/data/xhub/boards\XilinxBoardStore\boards\Xilinx\zcu111\1.2\board.xml as part xczu28dr-ffvg1517-2-e specified in board_part file is either invalid or not available
WARNING: [Board 49-26] cannot add Board Part xilinx.com:zcu111:part0:1.3 available at C:/Xilinx/2025.1/data/xhub/boards\XilinxBoardStore\boards\Xilinx\zcu111\1.3\board.xml as part xczu28dr-ffvg1517-2-e specified in board_part file is either invalid or not available
WARNING: [Board 49-26] cannot add Board Part xilinx.com:zcu111:part0:1.4 available at C:/Xilinx/2025.1/data/xhub/boards\XilinxBoardStore\boards\Xilinx\zcu111\1.4\board.xml as part xczu28dr-ffvg1517-2-e specified in board_part file is either invalid or not available
WARNING: [Board 49-26] cannot add Board Part xilinx.com:zcu1275:part0:1.0 available at C:/Xilinx/2025.1/data/xhub/boards\XilinxBoardStore\boards\Xilinx\zcu1275\1.0\board.xml as part xczu29dr-ffvf1760-2-e specified in board_part file is either invalid or not available
WARNING: [Board 49-26] cannot add Board Part xilinx.com:zcu1285:part0:1.0 available at C:/Xilinx/2025.1/data/xhub/boards\XilinxBoardStore\boards\Xilinx\zcu1285\1.0\board.xml as part xczu39dr-ffvf1760-2-i specified in board_part file is either invalid or not available
WARNING: [Board 49-26] cannot add Board Part xilinx.com:zcu208:part0:2.0 available at C:/Xilinx/2025.1/data/xhub/boards\XilinxBoardStore\boards\Xilinx\zcu208\production\2.0\board.xml as part xczu48dr-fsvg1517-2-e specified in board_part file is either invalid or not available
WARNING: [Board 49-26] cannot add Board Part xilinx.com:zcu208ld:part0:2.0 available at C:/Xilinx/2025.1/data/xhub/boards\XilinxBoardStore\boards\Xilinx\zcu208ld\production\2.0\board.xml as part xczu58dr-fsvg1517-2-i specified in board_part file is either invalid or not available
WARNING: [Board 49-26] cannot add Board Part xilinx.com:zcu216:part0:2.0 available at C:/Xilinx/2025.1/data/xhub/boards\XilinxBoardStore\boards\Xilinx\zcu216\production\2.0\board.xml as part xczu49dr-ffvf1760-2-e specified in board_part file is either invalid or not available
WARNING: [Board 49-26] cannot add Board Part xilinx.com:zcu216ld:part0:2.0 available at C:/Xilinx/2025.1/data/xhub/boards\XilinxBoardStore\boards\Xilinx\zcu216ld\production\2.0\board.xml as part xczu59dr-ffvf1760-2-i specified in board_part file is either invalid or not available
WARNING: [Board 49-26] cannot add Board Part xilinx.com:zcu670:part0:2.0 available at C:/Xilinx/2025.1/data/xhub/boards\XilinxBoardStore\boards\Xilinx\zcu670\2.0\board.xml as part xczu67dr-fsve1156-2-i specified in board_part file is either invalid or not available
WARNING: [Board 49-26] cannot add Board Part xilinx.com:zcu670ld:part0:1.0 available at C:/Xilinx/2025.1/data/xhub/boards\XilinxBoardStore\boards\Xilinx\zcu670ld\1.0\board.xml as part xczu57dr-fsve1156-2-i specified in board_part file is either invalid or not available
INFO: [Project 1-313] Project file moved from 'D:/vivado/VendingMachine/lab10' since last save.
INFO: [filemgmt 56-3] Default IP Output Path : Could not find the directory 'C:/Users/88696/VerilogCode/FinalProject/VendingMachine/lab10/lab10.gen/sources_1'.
WARNING: [filemgmt 56-3] IPUserFilesDir: Could not find the directory 'C:/Users/88696/VerilogCode/FinalProject/VendingMachine/lab10/lab10.ip_user_files'.
Scanning sources...
Finished scanning sources
WARNING: [Board 49-26] cannot add Board Part xilinx.com:emb-plus-vpr-4616:part0:1.0 available at C:/Xilinx/2025.1/data/xhub/boards\XilinxBoardStore\boards\Xilinx\emb-plus-vpr-4616\1.0\board.xml as part xcve2302-sfva784-2mp-e-s specified in board_part file is either invalid or not available
WARNING: [Board 49-26] cannot add Board Part xilinx.com:emb-plus-vpr-4616:part0:1.1 available at C:/Xilinx/2025.1/data/xhub/boards\XilinxBoardStore\boards\Xilinx\emb-plus-vpr-4616\1.1\board.xml as part xcve2302-sfva784-2mp-e-s specified in board_part file is either invalid or not available
WARNING: [Board 49-26] cannot add Board Part xilinx.com:kcu105:part0:1.6 available at C:/Xilinx/2025.1/data/xhub/boards\XilinxBoardStore\boards\Xilinx\kcu105\1.6\board.xml as part xcku040-ffva1156-2-e specified in board_part file is either invalid or not available
WARNING: [Board 49-26] cannot add Board Part xilinx.com:kcu105:part0:1.7 available at C:/Xilinx/2025.1/data/xhub/boards\XilinxBoardStore\boards\Xilinx\kcu105\1.7\board.xml as part xcku040-ffva1156-2-e specified in board_part file is either invalid or not available
WARNING: [Board 49-26] cannot add Board Part xilinx.com:kcu116:part0:1.4 available at C:/Xilinx/2025.1/data/xhub/boards\XilinxBoardStore\boards\Xilinx\kcu116\1.4\board.xml as part xcku5p-ffvb676-2-e specified in board_part file is either invalid or not available
WARNING: [Board 49-26] cannot add Board Part xilinx.com:kcu116:part0:1.5 available at C:/Xilinx/2025.1/data/xhub/boards\XilinxBoardStore\boards\Xilinx\kcu116\1.5\board.xml as part xcku5p-ffvb676-2-e specified in board_part file is either invalid or not available
WARNING: [Board 49-26] cannot add Board Part xilinx.com:kcu1500:part0:1.2 available at C:/Xilinx/2025.1/data/xhub/boards\XilinxBoardStore\boards\Xilinx\kcu1500\1.2\board.xml as part xcku115-flvb2104-2-e specified in board_part file is either invalid or not available
WARNING: [Board 49-26] cannot add Board Part xilinx.com:scu35:part0:1.0 available at C:/Xilinx/2025.1/data/xhub/boards\XilinxBoardStore\boards\Xilinx\scu35\1.0\board.xml as part xcsu35p-sbvb625-2-e specified in board_part file is either invalid or not available
WARNING: [Board 49-26] cannot add Board Part xilinx.com:v80:part0:1.0 available at C:/Xilinx/2025.1/data/xhub/boards\XilinxBoardStore\boards\Xilinx\v80\1.0\board.xml as part xcv80-lsva4737-2mhp-e-s specified in board_part file is either invalid or not available
WARNING: [Board 49-26] cannot add Board Part xilinx.com:vck190:part0:2.2 available at C:/Xilinx/2025.1/data/xhub/boards\XilinxBoardStore\boards\Xilinx\vck190\production\2.2\board.xml as part xcvc1902-vsva2197-2mp-e-s specified in board_part file is either invalid or not available
WARNING: [Board 49-26] cannot add Board Part xilinx.com:vck190:part0:3.0 available at C:/Xilinx/2025.1/data/xhub/boards\XilinxBoardStore\boards\Xilinx\vck190\production\3.0\board.xml as part xcvc1902-vsva2197-2mp-e-s specified in board_part file is either invalid or not available
WARNING: [Board 49-26] cannot add Board Part xilinx.com:vck190:part0:3.1 available at C:/Xilinx/2025.1/data/xhub/boards\XilinxBoardStore\boards\Xilinx\vck190\production\3.1\board.xml as part xcvc1902-vsva2197-2mp-e-s specified in board_part file is either invalid or not available
WARNING: [Board 49-26] cannot add Board Part xilinx.com:vck190:part0:3.2 available at C:/Xilinx/2025.1/data/xhub/boards\XilinxBoardStore\boards\Xilinx\vck190\production\3.2\board.xml as part xcvc1902-vsva2197-2mp-e-s specified in board_part file is either invalid or not available
WARNING: [Board 49-26] cannot add Board Part xilinx.com:vck190:part0:3.3 available at C:/Xilinx/2025.1/data/xhub/boards\XilinxBoardStore\boards\Xilinx\vck190\production\3.3\board.xml as part xcvc1902-vsva2197-2mp-e-s specified in board_part file is either invalid or not available
WARNING: [Board 49-26] cannot add Board Part xilinx.com:vck190:part0:3.4 available at C:/Xilinx/2025.1/data/xhub/boards\XilinxBoardStore\boards\Xilinx\vck190\production\3.4\board.xml as part xcvc1902-vsva2197-2mp-e-s specified in board_part file is either invalid or not available
WARNING: [Board 49-26] cannot add Board Part xilinx.com:vck190_newl:part0:1.0 available at C:/Xilinx/2025.1/data/xhub/boards\XilinxBoardStore\boards\Xilinx\vck190_newl\production\1.0\board.xml as part xcvc1902-vsva2197-2mp-e-s specified in board_part file is either invalid or not available
WARNING: [Board 49-26] cannot add Board Part xilinx.com:vck190_newl:part0:1.1 available at C:/Xilinx/2025.1/data/xhub/boards\XilinxBoardStore\boards\Xilinx\vck190_newl\production\1.1\board.xml as part xcvc1902-vsva2197-2mp-e-s specified in board_part file is either invalid or not available
WARNING: [Board 49-26] cannot add Board Part xilinx.com:vck190_newl:part0:1.2 available at C:/Xilinx/2025.1/data/xhub/boards\XilinxBoardStore\boards\Xilinx\vck190_newl\production\1.2\board.xml as part xcvc1902-vsva2197-2mp-e-s specified in board_part file is either invalid or not available
WARNING: [Board 49-26] cannot add Board Part xilinx.com:vck190_newl:part0:1.3 available at C:/Xilinx/2025.1/data/xhub/boards\XilinxBoardStore\boards\Xilinx\vck190_newl\production\1.3\board.xml as part xcvc1902-vsva2197-2mp-e-s specified in board_part file is either invalid or not available
WARNING: [Board 49-26] cannot add Board Part xilinx.com:vcu108:part0:1.6 available at C:/Xilinx/2025.1/data/xhub/boards\XilinxBoardStore\boards\Xilinx\vcu108\1.6\board.xml as part xcvu095-ffva2104-2-e specified in board_part file is either invalid or not available
WARNING: [Board 49-26] cannot add Board Part xilinx.com:vcu108:part0:1.7 available at C:/Xilinx/2025.1/data/xhub/boards\XilinxBoardStore\boards\Xilinx\vcu108\1.7\board.xml as part xcvu095-ffva2104-2-e specified in board_part file is either invalid or not available
WARNING: [Board 49-26] cannot add Board Part xilinx.com:vcu110:part0:1.4 available at C:/Xilinx/2025.1/data/xhub/boards\XilinxBoardStore\boards\Xilinx\vcu110\1.4\board.xml as part xcvu190-flgc2104-2-e specified in board_part file is either invalid or not available
WARNING: [Board 49-26] cannot add Board Part xilinx.com:vcu118:part0:2.0 available at C:/Xilinx/2025.1/data/xhub/boards\XilinxBoardStore\boards\Xilinx\vcu118\2.0\board.xml as part xcvu9p-flga2104-2l-e specified in board_part file is either invalid or not available
WARNING: [Board 49-26] cannot add Board Part xilinx.com:vcu118:part0:2.3 available at C:/Xilinx/2025.1/data/xhub/boards\XilinxBoardStore\boards\Xilinx\vcu118\2.3\board.xml as part xcvu9p-flga2104-2l-e specified in board_part file is either invalid or not available
WARNING: [Board 49-26] cannot add Board Part xilinx.com:vcu118:part0:2.4 available at C:/Xilinx/2025.1/data/xhub/boards\XilinxBoardStore\boards\Xilinx\vcu118\2.4\board.xml as part xcvu9p-flga2104-2l-e specified in board_part file is either invalid or not available
WARNING: [Board 49-26] cannot add Board Part xilinx.com:vcu128:part0:1.0 available at C:/Xilinx/2025.1/data/xhub/boards\XilinxBoardStore\boards\Xilinx\vcu128\production\1.0\board.xml as part xcvu37p-fsvh2892-2l-e specified in board_part file is either invalid or not available
WARNING: [Board 49-26] cannot add Board Part xilinx.com:vcu129:part0:1.0 available at C:/Xilinx/2025.1/data/xhub/boards\XilinxBoardStore\boards\Xilinx\vcu129\production\1.0\board.xml as part xcvu29p-fsga2577-2l-e specified in board_part file is either invalid or not available
WARNING: [Board 49-26] cannot add Board Part xilinx.com:vcu1525:part0:1.3 available at C:/Xilinx/2025.1/data/xhub/boards\XilinxBoardStore\boards\Xilinx\vcu1525\1.3\board.xml as part xcvu9p-fsgd2104-2l-e specified in board_part file is either invalid or not available
WARNING: [Board 49-26] cannot add Board Part xilinx.com:vek280:part0:1.0 available at C:/Xilinx/2025.1/data/xhub/boards\XilinxBoardStore\boards\Xilinx\vek280\production\1.0\board.xml as part xcve2802-vsvh1760-2mp-e-s specified in board_part file is either invalid or not available
WARNING: [Board 49-26] cannot add Board Part xilinx.com:vek280:part0:1.1 available at C:/Xilinx/2025.1/data/xhub/boards\XilinxBoardStore\boards\Xilinx\vek280\production\1.1\board.xml as part xcve2802-vsvh1760-2mp-e-s specified in board_part file is either invalid or not available
WARNING: [Board 49-26] cannot add Board Part xilinx.com:vek280:part0:1.2 available at C:/Xilinx/2025.1/data/xhub/boards\XilinxBoardStore\boards\Xilinx\vek280\production\1.2\board.xml as part xcve2802-vsvh1760-2mp-e-s specified in board_part file is either invalid or not available
INFO: [Common 17-14] Message 'Board 49-26' appears 100 times and further instances of the messages will be disabled. Use the Tcl command set_msg_config to change the current settings.
INFO: [IP_Flow 19-234] Refreshing IP repositories
INFO: [IP_Flow 19-1704] No user IP repositories specified
INFO: [IP_Flow 19-2313] Loaded Vivado IP repository 'C:/Xilinx/2025.1/Vivado/data/ip'.
open_project: Time (s): cpu = 00:00:04 ; elapsed = 00:00:17 . Memory (MB): peak = 1628.652 ; gain = 276.707
update_compile_order -fileset sources_1
reset_run synth_1
INFO: [Project 1-1161] Replacing file C:/Users/88696/VerilogCode/FinalProject/VendingMachine/lab10/lab10.srcs/utils_1/imports/synth_1/lab10.dcp with file C:/Users/88696/VerilogCode/FinalProject/VendingMachine/lab10/lab10.runs/synth_1/lab10.dcp
launch_runs impl_1 -to_step write_bitstream -jobs 8
[Sat Nov 29 23:40:30 2025] Launched synth_1...
Run output will be captured here: C:/Users/88696/VerilogCode/FinalProject/VendingMachine/lab10/lab10.runs/synth_1/runme.log
[Sat Nov 29 23:40:31 2025] Launched impl_1...
Run output will be captured here: C:/Users/88696/VerilogCode/FinalProject/VendingMachine/lab10/lab10.runs/impl_1/runme.log
WARNING: [filemgmt 56-199] Attempt to get parsing info during refresh. "On-the-fly" syntax checking information may be incorrect. [C:\Users\88696\VerilogCode\FinalProject\VendingMachine\lab10\lab10.srcs\sources_1\dispensed_count_display.v:]
WARNING: [filemgmt 56-199] Attempt to get parsing info during refresh. "On-the-fly" syntax checking information may be incorrect. [C:\Users\88696\VerilogCode\FinalProject\VendingMachine\lab10\lab10.srcs\sources_1\lab10.v:]
WARNING: [filemgmt 56-199] Attempt to get parsing info during refresh. "On-the-fly" syntax checking information may be incorrect. [C:\Users\88696\VerilogCode\FinalProject\VendingMachine\lab10\lab10.srcs\sources_1\lab10.v:]
WARNING: [filemgmt 56-199] Attempt to get parsing info during refresh. "On-the-fly" syntax checking information may be incorrect. [C:\Users\88696\VerilogCode\FinalProject\VendingMachine\lab10\lab10.srcs\sources_1\lab10.v:]
ERROR: [Common 17-180] Spawn failed: 操作順利完成。

WARNING: [filemgmt 56-199] Attempt to get parsing info during refresh. "On-the-fly" syntax checking information may be incorrect. [C:\Users\88696\VerilogCode\FinalProject\VendingMachine\lab10\lab10.srcs\sources_1\dispensed_count_display.v:]
WARNING: [filemgmt 56-199] Attempt to get parsing info during refresh. "On-the-fly" syntax checking information may be incorrect. [C:\Users\88696\VerilogCode\FinalProject\VendingMachine\lab10\lab10.srcs\sources_1\lab10.v:]
WARNING: [filemgmt 56-199] Attempt to get parsing info during refresh. "On-the-fly" syntax checking information may be incorrect. [C:\Users\88696\VerilogCode\FinalProject\VendingMachine\lab10\lab10.srcs\sources_1\lab10.v:]
WARNING: [filemgmt 56-199] Attempt to get parsing info during refresh. "On-the-fly" syntax checking information may be incorrect. [C:\Users\88696\VerilogCode\FinalProject\VendingMachine\lab10\lab10.srcs\sources_1\lab10.v:]
ERROR: [Common 17-180] Spawn failed: 操作順利完成。

WARNING: [filemgmt 56-199] Attempt to get parsing info during refresh. "On-the-fly" syntax checking information may be incorrect. [C:\Users\88696\VerilogCode\FinalProject\VendingMachine\lab10\lab10.srcs\sources_1\dispensed_count_display.v:]
WARNING: [filemgmt 56-199] Attempt to get parsing info during refresh. "On-the-fly" syntax checking information may be incorrect. [C:\Users\88696\VerilogCode\FinalProject\VendingMachine\lab10\lab10.srcs\sources_1\lab10.v:]
WARNING: [filemgmt 56-199] Attempt to get parsing info during refresh. "On-the-fly" syntax checking information may be incorrect. [C:\Users\88696\VerilogCode\FinalProject\VendingMachine\lab10\lab10.srcs\sources_1\lab10.v:]
WARNING: [filemgmt 56-199] Attempt to get parsing info during refresh. "On-the-fly" syntax checking information may be incorrect. [C:\Users\88696\VerilogCode\FinalProject\VendingMachine\lab10\lab10.srcs\sources_1\lab10.v:]
ERROR: [Common 17-180] Spawn failed: 操作順利完成。

add_files -norecurse C:/Users/88696/VerilogCode/FinalProject/VendingMachine/lab10/lab10.srcs/sources_1/coord_scaler.v
WARNING: [filemgmt 56-199] Attempt to get parsing info during refresh. "On-the-fly" syntax checking information may be incorrect. [C:\Users\88696\VerilogCode\FinalProject\VendingMachine\lab10\lab10.srcs\sources_1\dispensed_count_display.v:]
WARNING: [filemgmt 56-199] Attempt to get parsing info during refresh. "On-the-fly" syntax checking information may be incorrect. [C:\Users\88696\VerilogCode\FinalProject\VendingMachine\lab10\lab10.srcs\sources_1\lab10.v:]
WARNING: [filemgmt 56-199] Attempt to get parsing info during refresh. "On-the-fly" syntax checking information may be incorrect. [C:\Users\88696\VerilogCode\FinalProject\VendingMachine\lab10\lab10.srcs\sources_1\lab10.v:]
WARNING: [filemgmt 56-199] Attempt to get parsing info during refresh. "On-the-fly" syntax checking information may be incorrect. [C:\Users\88696\VerilogCode\FinalProject\VendingMachine\lab10\lab10.srcs\sources_1\lab10.v:]
ERROR: [Common 17-180] Spawn failed: 操作順利完成。

update_compile_order -fileset sources_1
WARNING: [filemgmt 56-199] Attempt to get parsing info during refresh. "On-the-fly" syntax checking information may be incorrect. [C:\Users\88696\VerilogCode\FinalProject\VendingMachine\lab10\lab10.srcs\sources_1\dispensed_count_display.v:]
WARNING: [filemgmt 56-199] Attempt to get parsing info during refresh. "On-the-fly" syntax checking information may be incorrect. [C:\Users\88696\VerilogCode\FinalProject\VendingMachine\lab10\lab10.srcs\sources_1\lab10.v:]
WARNING: [filemgmt 56-199] Attempt to get parsing info during refresh. "On-the-fly" syntax checking information may be incorrect. [C:\Users\88696\VerilogCode\FinalProject\VendingMachine\lab10\lab10.srcs\sources_1\lab10.v:]
WARNING: [filemgmt 56-199] Attempt to get parsing info during refresh. "On-the-fly" syntax checking information may be incorrect. [C:\Users\88696\VerilogCode\FinalProject\VendingMachine\lab10\lab10.srcs\sources_1\lab10.v:]
ERROR: [Common 17-180] Spawn failed: 操作順利完成。

reset_run synth_1
INFO: [Project 1-1161] Replacing file C:/Users/88696/VerilogCode/FinalProject/VendingMachine/lab10/lab10.srcs/utils_1/imports/synth_1/lab10.dcp with file C:/Users/88696/VerilogCode/FinalProject/VendingMachine/lab10/lab10.runs/synth_1/lab10.dcp
launch_runs impl_1 -to_step write_bitstream -jobs 8
[Sat Nov 29 23:55:08 2025] Launched synth_1...
Run output will be captured here: C:/Users/88696/VerilogCode/FinalProject/VendingMachine/lab10/lab10.runs/synth_1/runme.log
[Sat Nov 29 23:55:08 2025] Launched impl_1...
Run output will be captured here: C:/Users/88696/VerilogCode/FinalProject/VendingMachine/lab10/lab10.runs/impl_1/runme.log
WARNING: [filemgmt 56-199] Attempt to get parsing info during refresh. "On-the-fly" syntax checking information may be incorrect. [C:\Users\88696\VerilogCode\FinalProject\VendingMachine\lab10\lab10.srcs\sources_1\dispensed_count_display.v:]
WARNING: [filemgmt 56-199] Attempt to get parsing info during refresh. "On-the-fly" syntax checking information may be incorrect. [C:\Users\88696\VerilogCode\FinalProject\VendingMachine\lab10\lab10.srcs\sources_1\main_fsm.v:]
WARNING: [filemgmt 56-199] Attempt to get parsing info during refresh. "On-the-fly" syntax checking information may be incorrect. [C:\Users\88696\VerilogCode\FinalProject\VendingMachine\lab10\lab10.srcs\sources_1\lab10.v:]
WARNING: [filemgmt 56-199] Attempt to get parsing info during refresh. "On-the-fly" syntax checking information may be incorrect. [C:\Users\88696\VerilogCode\FinalProject\VendingMachine\lab10\lab10.srcs\sources_1\main_fsm.v:]
WARNING: [filemgmt 56-199] Attempt to get parsing info during refresh. "On-the-fly" syntax checking information may be incorrect. [C:\Users\88696\VerilogCode\FinalProject\VendingMachine\lab10\lab10.srcs\sources_1\main_fsm.v:]
WARNING: [filemgmt 56-199] Attempt to get parsing info during refresh. "On-the-fly" syntax checking information may be incorrect. [C:\Users\88696\VerilogCode\FinalProject\VendingMachine\lab10\lab10.srcs\sources_1\dispensed_count_display.v:]
WARNING: [filemgmt 56-199] Attempt to get parsing info during refresh. "On-the-fly" syntax checking information may be incorrect. [C:\Users\88696\VerilogCode\FinalProject\VendingMachine\lab10\lab10.srcs\sources_1\main_fsm.v:]
WARNING: [filemgmt 56-199] Attempt to get parsing info during refresh. "On-the-fly" syntax checking information may be incorrect. [C:\Users\88696\VerilogCode\FinalProject\VendingMachine\lab10\lab10.srcs\sources_1\lab10.v:]
WARNING: [filemgmt 56-199] Attempt to get parsing info during refresh. "On-the-fly" syntax checking information may be incorrect. [C:\Users\88696\VerilogCode\FinalProject\VendingMachine\lab10\lab10.srcs\sources_1\dispensed_count_display.v:]
WARNING: [filemgmt 56-199] Attempt to get parsing info during refresh. "On-the-fly" syntax checking information may be incorrect. [C:\Users\88696\VerilogCode\FinalProject\VendingMachine\lab10\lab10.srcs\sources_1\dispensed_count_display.v:]
ERROR: [Common 17-180] Spawn failed: 操作順利完成。

reset_run synth_1
WARNING: [Vivado 12-1017] Problems encountered:
1. Failed to delete one or more files in run directory C:/Users/88696/VerilogCode/FinalProject/VendingMachine/lab10/lab10.runs/synth_1

WARNING: [filemgmt 56-199] Attempt to get parsing info during refresh. "On-the-fly" syntax checking information may be incorrect. [C:\Users\88696\VerilogCode\FinalProject\VendingMachine\lab10\lab10.srcs\sources_1\paid_calculator.v:]
WARNING: [filemgmt 56-199] Attempt to get parsing info during refresh. "On-the-fly" syntax checking information may be incorrect. [C:\Users\88696\VerilogCode\FinalProject\VendingMachine\lab10\lab10.srcs\sources_1\change_dispenser.v:]
WARNING: [filemgmt 56-199] Attempt to get parsing info during refresh. "On-the-fly" syntax checking information may be incorrect. [C:\Users\88696\VerilogCode\FinalProject\VendingMachine\lab10\lab10.srcs\sources_1\price_calculator.v:]
WARNING: [filemgmt 56-199] Attempt to get parsing info during refresh. "On-the-fly" syntax checking information may be incorrect. [C:\Users\88696\VerilogCode\FinalProject\VendingMachine\lab10\lab10.srcs\sources_1\coin_selector.v:]
WARNING: [filemgmt 56-199] Attempt to get parsing info during refresh. "On-the-fly" syntax checking information may be incorrect. [C:\Users\88696\VerilogCode\FinalProject\VendingMachine\lab10\lab10.srcs\sources_1\dispensed_count_display.v:]
WARNING: [filemgmt 56-199] Attempt to get parsing info during refresh. "On-the-fly" syntax checking information may be incorrect. [C:\Users\88696\VerilogCode\FinalProject\VendingMachine\lab10\lab10.srcs\sources_1\main_fsm.v:]
WARNING: [filemgmt 56-199] Attempt to get parsing info during refresh. "On-the-fly" syntax checking information may be incorrect. [C:\Users\88696\VerilogCode\FinalProject\VendingMachine\lab10\lab10.srcs\sources_1\lab10.v:]
WARNING: [filemgmt 56-199] Attempt to get parsing info during refresh. "On-the-fly" syntax checking information may be incorrect. [C:\Users\88696\VerilogCode\FinalProject\VendingMachine\lab10\lab10.srcs\sources_1\coin_selector.v:]
WARNING: [filemgmt 56-199] Attempt to get parsing info during refresh. "On-the-fly" syntax checking information may be incorrect. [C:\Users\88696\VerilogCode\FinalProject\VendingMachine\lab10\lab10.srcs\sources_1\coin_selector.v:]
WARNING: [filemgmt 56-199] Attempt to get parsing info during refresh. "On-the-fly" syntax checking information may be incorrect. [C:\Users\88696\VerilogCode\FinalProject\VendingMachine\lab10\lab10.srcs\sources_1\paid_calculator.v:]
WARNING: [filemgmt 56-199] Attempt to get parsing info during refresh. "On-the-fly" syntax checking information may be incorrect. [C:\Users\88696\VerilogCode\FinalProject\VendingMachine\lab10\lab10.srcs\sources_1\change_dispenser.v:]
WARNING: [filemgmt 56-199] Attempt to get parsing info during refresh. "On-the-fly" syntax checking information may be incorrect. [C:\Users\88696\VerilogCode\FinalProject\VendingMachine\lab10\lab10.srcs\sources_1\price_calculator.v:]
WARNING: [filemgmt 56-199] Attempt to get parsing info during refresh. "On-the-fly" syntax checking information may be incorrect. [C:\Users\88696\VerilogCode\FinalProject\VendingMachine\lab10\lab10.srcs\sources_1\coin_selector.v:]
WARNING: [filemgmt 56-199] Attempt to get parsing info during refresh. "On-the-fly" syntax checking information may be incorrect. [C:\Users\88696\VerilogCode\FinalProject\VendingMachine\lab10\lab10.srcs\sources_1\dispensed_count_display.v:]
WARNING: [filemgmt 56-199] Attempt to get parsing info during refresh. "On-the-fly" syntax checking information may be incorrect. [C:\Users\88696\VerilogCode\FinalProject\VendingMachine\lab10\lab10.srcs\sources_1\main_fsm.v:]
WARNING: [filemgmt 56-199] Attempt to get parsing info during refresh. "On-the-fly" syntax checking information may be incorrect. [C:\Users\88696\VerilogCode\FinalProject\VendingMachine\lab10\lab10.srcs\sources_1\lab10.v:]
WARNING: [filemgmt 56-199] Attempt to get parsing info during refresh. "On-the-fly" syntax checking information may be incorrect. [C:\Users\88696\VerilogCode\FinalProject\VendingMachine\lab10\lab10.srcs\sources_1\lab10.v:]
WARNING: [filemgmt 56-199] Attempt to get parsing info during refresh. "On-the-fly" syntax checking information may be incorrect. [C:\Users\88696\VerilogCode\FinalProject\VendingMachine\lab10\lab10.srcs\sources_1\lab10.v:]
WARNING: [filemgmt 56-199] Attempt to get parsing info during refresh. "On-the-fly" syntax checking information may be incorrect. [C:\Users\88696\VerilogCode\FinalProject\VendingMachine\lab10\lab10.srcs\sources_1\paid_calculator.v:]
WARNING: [filemgmt 56-199] Attempt to get parsing info during refresh. "On-the-fly" syntax checking information may be incorrect. [C:\Users\88696\VerilogCode\FinalProject\VendingMachine\lab10\lab10.srcs\sources_1\change_dispenser.v:]
WARNING: [filemgmt 56-199] Attempt to get parsing info during refresh. "On-the-fly" syntax checking information may be incorrect. [C:\Users\88696\VerilogCode\FinalProject\VendingMachine\lab10\lab10.srcs\sources_1\price_calculator.v:]
WARNING: [filemgmt 56-199] Attempt to get parsing info during refresh. "On-the-fly" syntax checking information may be incorrect. [C:\Users\88696\VerilogCode\FinalProject\VendingMachine\lab10\lab10.srcs\sources_1\coin_selector.v:]
WARNING: [filemgmt 56-199] Attempt to get parsing info during refresh. "On-the-fly" syntax checking information may be incorrect. [C:\Users\88696\VerilogCode\FinalProject\VendingMachine\lab10\lab10.srcs\sources_1\dispensed_count_display.v:]
WARNING: [filemgmt 56-199] Attempt to get parsing info during refresh. "On-the-fly" syntax checking information may be incorrect. [C:\Users\88696\VerilogCode\FinalProject\VendingMachine\lab10\lab10.srcs\sources_1\main_fsm.v:]
WARNING: [filemgmt 56-199] Attempt to get parsing info during refresh. "On-the-fly" syntax checking information may be incorrect. [C:\Users\88696\VerilogCode\FinalProject\VendingMachine\lab10\lab10.srcs\sources_1\lab10.v:]
WARNING: [filemgmt 56-199] Attempt to get parsing info during refresh. "On-the-fly" syntax checking information may be incorrect. [C:\Users\88696\VerilogCode\FinalProject\VendingMachine\lab10\lab10.srcs\sources_1\paid_calculator.v:]
WARNING: [filemgmt 56-199] Attempt to get parsing info during refresh. "On-the-fly" syntax checking information may be incorrect. [C:\Users\88696\VerilogCode\FinalProject\VendingMachine\lab10\lab10.srcs\sources_1\paid_calculator.v:]
WARNING: [filemgmt 56-199] Attempt to get parsing info during refresh. "On-the-fly" syntax checking information may be incorrect. [C:\Users\88696\VerilogCode\FinalProject\VendingMachine\lab10\lab10.srcs\sources_1\paid_calculator.v:]
WARNING: [filemgmt 56-199] Attempt to get parsing info during refresh. "On-the-fly" syntax checking information may be incorrect. [C:\Users\88696\VerilogCode\FinalProject\VendingMachine\lab10\lab10.srcs\sources_1\change_dispenser.v:]
WARNING: [filemgmt 56-199] Attempt to get parsing info during refresh. "On-the-fly" syntax checking information may be incorrect. [C:\Users\88696\VerilogCode\FinalProject\VendingMachine\lab10\lab10.srcs\sources_1\price_calculator.v:]
WARNING: [filemgmt 56-199] Attempt to get parsing info during refresh. "On-the-fly" syntax checking information may be incorrect. [C:\Users\88696\VerilogCode\FinalProject\VendingMachine\lab10\lab10.srcs\sources_1\coin_selector.v:]
WARNING: [filemgmt 56-199] Attempt to get parsing info during refresh. "On-the-fly" syntax checking information may be incorrect. [C:\Users\88696\VerilogCode\FinalProject\VendingMachine\lab10\lab10.srcs\sources_1\dispensed_count_display.v:]
WARNING: [filemgmt 56-199] Attempt to get parsing info during refresh. "On-the-fly" syntax checking information may be incorrect. [C:\Users\88696\VerilogCode\FinalProject\VendingMachine\lab10\lab10.srcs\sources_1\main_fsm.v:]
WARNING: [filemgmt 56-199] Attempt to get parsing info during refresh. "On-the-fly" syntax checking information may be incorrect. [C:\Users\88696\VerilogCode\FinalProject\VendingMachine\lab10\lab10.srcs\sources_1\lab10.v:]
WARNING: [filemgmt 56-199] Attempt to get parsing info during refresh. "On-the-fly" syntax checking information may be incorrect. [C:\Users\88696\VerilogCode\FinalProject\VendingMachine\lab10\lab10.srcs\sources_1\dispensed_count_display.v:]
WARNING: [filemgmt 56-199] Attempt to get parsing info during refresh. "On-the-fly" syntax checking information may be incorrect. [C:\Users\88696\VerilogCode\FinalProject\VendingMachine\lab10\lab10.srcs\sources_1\dispensed_count_display.v:]
WARNING: [filemgmt 56-199] Attempt to get parsing info during refresh. "On-the-fly" syntax checking information may be incorrect. [C:\Users\88696\VerilogCode\FinalProject\VendingMachine\lab10\lab10.srcs\sources_1\paid_calculator.v:]
WARNING: [filemgmt 56-199] Attempt to get parsing info during refresh. "On-the-fly" syntax checking information may be incorrect. [C:\Users\88696\VerilogCode\FinalProject\VendingMachine\lab10\lab10.srcs\sources_1\change_dispenser.v:]
WARNING: [filemgmt 56-199] Attempt to get parsing info during refresh. "On-the-fly" syntax checking information may be incorrect. [C:\Users\88696\VerilogCode\FinalProject\VendingMachine\lab10\lab10.srcs\sources_1\price_calculator.v:]
WARNING: [filemgmt 56-199] Attempt to get parsing info during refresh. "On-the-fly" syntax checking information may be incorrect. [C:\Users\88696\VerilogCode\FinalProject\VendingMachine\lab10\lab10.srcs\sources_1\coin_selector.v:]
WARNING: [filemgmt 56-199] Attempt to get parsing info during refresh. "On-the-fly" syntax checking information may be incorrect. [C:\Users\88696\VerilogCode\FinalProject\VendingMachine\lab10\lab10.srcs\sources_1\dispensed_count_display.v:]
WARNING: [filemgmt 56-199] Attempt to get parsing info during refresh. "On-the-fly" syntax checking information may be incorrect. [C:\Users\88696\VerilogCode\FinalProject\VendingMachine\lab10\lab10.srcs\sources_1\main_fsm.v:]
WARNING: [filemgmt 56-199] Attempt to get parsing info during refresh. "On-the-fly" syntax checking information may be incorrect. [C:\Users\88696\VerilogCode\FinalProject\VendingMachine\lab10\lab10.srcs\sources_1\lab10.v:]
WARNING: [filemgmt 56-199] Attempt to get parsing info during refresh. "On-the-fly" syntax checking information may be incorrect. [C:\Users\88696\VerilogCode\FinalProject\VendingMachine\lab10\lab10.srcs\sources_1\price_calculator.v:]
WARNING: [filemgmt 56-199] Attempt to get parsing info during refresh. "On-the-fly" syntax checking information may be incorrect. [C:\Users\88696\VerilogCode\FinalProject\VendingMachine\lab10\lab10.srcs\sources_1\price_calculator.v:]
ERROR: [Common 17-180] Spawn failed: 操作順利完成。

WARNING: [filemgmt 56-199] Attempt to get parsing info during refresh. "On-the-fly" syntax checking information may be incorrect. [C:\Users\88696\VerilogCode\FinalProject\VendingMachine\lab10\lab10.srcs\sources_1\paid_calculator.v:]
WARNING: [filemgmt 56-199] Attempt to get parsing info during refresh. "On-the-fly" syntax checking information may be incorrect. [C:\Users\88696\VerilogCode\FinalProject\VendingMachine\lab10\lab10.srcs\sources_1\change_dispenser.v:]
WARNING: [filemgmt 56-199] Attempt to get parsing info during refresh. "On-the-fly" syntax checking information may be incorrect. [C:\Users\88696\VerilogCode\FinalProject\VendingMachine\lab10\lab10.srcs\sources_1\price_calculator.v:]
WARNING: [filemgmt 56-199] Attempt to get parsing info during refresh. "On-the-fly" syntax checking information may be incorrect. [C:\Users\88696\VerilogCode\FinalProject\VendingMachine\lab10\lab10.srcs\sources_1\coin_selector.v:]
WARNING: [filemgmt 56-199] Attempt to get parsing info during refresh. "On-the-fly" syntax checking information may be incorrect. [C:\Users\88696\VerilogCode\FinalProject\VendingMachine\lab10\lab10.srcs\sources_1\dispensed_count_display.v:]
WARNING: [filemgmt 56-199] Attempt to get parsing info during refresh. "On-the-fly" syntax checking information may be incorrect. [C:\Users\88696\VerilogCode\FinalProject\VendingMachine\lab10\lab10.srcs\sources_1\main_fsm.v:]
WARNING: [filemgmt 56-199] Attempt to get parsing info during refresh. "On-the-fly" syntax checking information may be incorrect. [C:\Users\88696\VerilogCode\FinalProject\VendingMachine\lab10\lab10.srcs\sources_1\lab10.v:]
WARNING: [filemgmt 56-199] Attempt to get parsing info during refresh. "On-the-fly" syntax checking information may be incorrect. [C:\Users\88696\VerilogCode\FinalProject\VendingMachine\lab10\lab10.srcs\sources_1\main_fsm.v:]
WARNING: [filemgmt 56-199] Attempt to get parsing info during refresh. "On-the-fly" syntax checking information may be incorrect. [C:\Users\88696\VerilogCode\FinalProject\VendingMachine\lab10\lab10.srcs\sources_1\main_fsm.v:]
ERROR: [Common 17-180] Spawn failed: 操作順利完成。

WARNING: [filemgmt 56-199] Attempt to get parsing info during refresh. "On-the-fly" syntax checking information may be incorrect. [C:\Users\88696\VerilogCode\FinalProject\VendingMachine\lab10\lab10.srcs\sources_1\paid_calculator.v:]
WARNING: [filemgmt 56-199] Attempt to get parsing info during refresh. "On-the-fly" syntax checking information may be incorrect. [C:\Users\88696\VerilogCode\FinalProject\VendingMachine\lab10\lab10.srcs\sources_1\change_dispenser.v:]
WARNING: [filemgmt 56-199] Attempt to get parsing info during refresh. "On-the-fly" syntax checking information may be incorrect. [C:\Users\88696\VerilogCode\FinalProject\VendingMachine\lab10\lab10.srcs\sources_1\price_calculator.v:]
WARNING: [filemgmt 56-199] Attempt to get parsing info during refresh. "On-the-fly" syntax checking information may be incorrect. [C:\Users\88696\VerilogCode\FinalProject\VendingMachine\lab10\lab10.srcs\sources_1\coin_selector.v:]
WARNING: [filemgmt 56-199] Attempt to get parsing info during refresh. "On-the-fly" syntax checking information may be incorrect. [C:\Users\88696\VerilogCode\FinalProject\VendingMachine\lab10\lab10.srcs\sources_1\dispensed_count_display.v:]
WARNING: [filemgmt 56-199] Attempt to get parsing info during refresh. "On-the-fly" syntax checking information may be incorrect. [C:\Users\88696\VerilogCode\FinalProject\VendingMachine\lab10\lab10.srcs\sources_1\main_fsm.v:]
WARNING: [filemgmt 56-199] Attempt to get parsing info during refresh. "On-the-fly" syntax checking information may be incorrect. [C:\Users\88696\VerilogCode\FinalProject\VendingMachine\lab10\lab10.srcs\sources_1\lab10.v:]
WARNING: [filemgmt 56-199] Attempt to get parsing info during refresh. "On-the-fly" syntax checking information may be incorrect. [C:\Users\88696\VerilogCode\FinalProject\VendingMachine\lab10\lab10.srcs\sources_1\paid_calculator.v:]
WARNING: [filemgmt 56-199] Attempt to get parsing info during refresh. "On-the-fly" syntax checking information may be incorrect. [C:\Users\88696\VerilogCode\FinalProject\VendingMachine\lab10\lab10.srcs\sources_1\paid_calculator.v:]
WARNING: [filemgmt 56-199] Attempt to get parsing info during refresh. "On-the-fly" syntax checking information may be incorrect. [C:\Users\88696\VerilogCode\FinalProject\VendingMachine\lab10\lab10.srcs\sources_1\paid_calculator.v:]
WARNING: [filemgmt 56-199] Attempt to get parsing info during refresh. "On-the-fly" syntax checking information may be incorrect. [C:\Users\88696\VerilogCode\FinalProject\VendingMachine\lab10\lab10.srcs\sources_1\change_dispenser.v:]
WARNING: [filemgmt 56-199] Attempt to get parsing info during refresh. "On-the-fly" syntax checking information may be incorrect. [C:\Users\88696\VerilogCode\FinalProject\VendingMachine\lab10\lab10.srcs\sources_1\price_calculator.v:]
WARNING: [filemgmt 56-199] Attempt to get parsing info during refresh. "On-the-fly" syntax checking information may be incorrect. [C:\Users\88696\VerilogCode\FinalProject\VendingMachine\lab10\lab10.srcs\sources_1\coin_selector.v:]
WARNING: [filemgmt 56-199] Attempt to get parsing info during refresh. "On-the-fly" syntax checking information may be incorrect. [C:\Users\88696\VerilogCode\FinalProject\VendingMachine\lab10\lab10.srcs\sources_1\dispensed_count_display.v:]
WARNING: [filemgmt 56-199] Attempt to get parsing info during refresh. "On-the-fly" syntax checking information may be incorrect. [C:\Users\88696\VerilogCode\FinalProject\VendingMachine\lab10\lab10.srcs\sources_1\main_fsm.v:]
WARNING: [filemgmt 56-199] Attempt to get parsing info during refresh. "On-the-fly" syntax checking information may be incorrect. [C:\Users\88696\VerilogCode\FinalProject\VendingMachine\lab10\lab10.srcs\sources_1\lab10.v:]
WARNING: [filemgmt 56-199] Attempt to get parsing info during refresh. "On-the-fly" syntax checking information may be incorrect. [C:\Users\88696\VerilogCode\FinalProject\VendingMachine\lab10\lab10.srcs\sources_1\change_dispenser.v:]
WARNING: [filemgmt 56-199] Attempt to get parsing info during refresh. "On-the-fly" syntax checking information may be incorrect. [C:\Users\88696\VerilogCode\FinalProject\VendingMachine\lab10\lab10.srcs\sources_1\change_dispenser.v:]
WARNING: [filemgmt 56-199] Attempt to get parsing info during refresh. "On-the-fly" syntax checking information may be incorrect. [C:\Users\88696\VerilogCode\FinalProject\VendingMachine\lab10\lab10.srcs\sources_1\paid_calculator.v:]
WARNING: [filemgmt 56-199] Attempt to get parsing info during refresh. "On-the-fly" syntax checking information may be incorrect. [C:\Users\88696\VerilogCode\FinalProject\VendingMachine\lab10\lab10.srcs\sources_1\change_dispenser.v:]
WARNING: [filemgmt 56-199] Attempt to get parsing info during refresh. "On-the-fly" syntax checking information may be incorrect. [C:\Users\88696\VerilogCode\FinalProject\VendingMachine\lab10\lab10.srcs\sources_1\price_calculator.v:]
WARNING: [filemgmt 56-199] Attempt to get parsing info during refresh. "On-the-fly" syntax checking information may be incorrect. [C:\Users\88696\VerilogCode\FinalProject\VendingMachine\lab10\lab10.srcs\sources_1\coin_selector.v:]
WARNING: [filemgmt 56-199] Attempt to get parsing info during refresh. "On-the-fly" syntax checking information may be incorrect. [C:\Users\88696\VerilogCode\FinalProject\VendingMachine\lab10\lab10.srcs\sources_1\dispensed_count_display.v:]
WARNING: [filemgmt 56-199] Attempt to get parsing info during refresh. "On-the-fly" syntax checking information may be incorrect. [C:\Users\88696\VerilogCode\FinalProject\VendingMachine\lab10\lab10.srcs\sources_1\main_fsm.v:]
WARNING: [filemgmt 56-199] Attempt to get parsing info during refresh. "On-the-fly" syntax checking information may be incorrect. [C:\Users\88696\VerilogCode\FinalProject\VendingMachine\lab10\lab10.srcs\sources_1\lab10.v:]
WARNING: [filemgmt 56-199] Attempt to get parsing info during refresh. "On-the-fly" syntax checking information may be incorrect. [C:\Users\88696\VerilogCode\FinalProject\VendingMachine\lab10\lab10.srcs\sources_1\main_fsm.v:]
WARNING: [filemgmt 56-199] Attempt to get parsing info during refresh. "On-the-fly" syntax checking information may be incorrect. [C:\Users\88696\VerilogCode\FinalProject\VendingMachine\lab10\lab10.srcs\sources_1\main_fsm.v:]
WARNING: [filemgmt 56-199] Attempt to get parsing info during refresh. "On-the-fly" syntax checking information may be incorrect. [C:\Users\88696\VerilogCode\FinalProject\VendingMachine\lab10\lab10.srcs\sources_1\change_dispenser.v:]
WARNING: [filemgmt 56-199] Attempt to get parsing info during refresh. "On-the-fly" syntax checking information may be incorrect. [C:\Users\88696\VerilogCode\FinalProject\VendingMachine\lab10\lab10.srcs\sources_1\price_calculator.v:]
WARNING: [filemgmt 56-199] Attempt to get parsing info during refresh. "On-the-fly" syntax checking information may be incorrect. [C:\Users\88696\VerilogCode\FinalProject\VendingMachine\lab10\lab10.srcs\sources_1\coin_selector.v:]
WARNING: [filemgmt 56-199] Attempt to get parsing info during refresh. "On-the-fly" syntax checking information may be incorrect. [C:\Users\88696\VerilogCode\FinalProject\VendingMachine\lab10\lab10.srcs\sources_1\dispensed_count_display.v:]
WARNING: [filemgmt 56-199] Attempt to get parsing info during refresh. "On-the-fly" syntax checking information may be incorrect. [C:\Users\88696\VerilogCode\FinalProject\VendingMachine\lab10\lab10.srcs\sources_1\main_fsm.v:]
WARNING: [filemgmt 56-199] Attempt to get parsing info during refresh. "On-the-fly" syntax checking information may be incorrect. [C:\Users\88696\VerilogCode\FinalProject\VendingMachine\lab10\lab10.srcs\sources_1\lab10.v:]
WARNING: [filemgmt 56-199] Attempt to get parsing info during refresh. "On-the-fly" syntax checking information may be incorrect. [C:\Users\88696\VerilogCode\FinalProject\VendingMachine\lab10\lab10.srcs\sources_1\price_calculator.v:]
WARNING: [filemgmt 56-199] Attempt to get parsing info during refresh. "On-the-fly" syntax checking information may be incorrect. [C:\Users\88696\VerilogCode\FinalProject\VendingMachine\lab10\lab10.srcs\sources_1\price_calculator.v:]
WARNING: [filemgmt 56-199] Attempt to get parsing info during refresh. "On-the-fly" syntax checking information may be incorrect. [C:\Users\88696\VerilogCode\FinalProject\VendingMachine\lab10\lab10.srcs\sources_1\paid_calculator.v:]
WARNING: [filemgmt 56-199] Attempt to get parsing info during refresh. "On-the-fly" syntax checking information may be incorrect. [C:\Users\88696\VerilogCode\FinalProject\VendingMachine\lab10\lab10.srcs\sources_1\change_dispenser.v:]
WARNING: [filemgmt 56-199] Attempt to get parsing info during refresh. "On-the-fly" syntax checking information may be incorrect. [C:\Users\88696\VerilogCode\FinalProject\VendingMachine\lab10\lab10.srcs\sources_1\price_calculator.v:]
WARNING: [filemgmt 56-199] Attempt to get parsing info during refresh. "On-the-fly" syntax checking information may be incorrect. [C:\Users\88696\VerilogCode\FinalProject\VendingMachine\lab10\lab10.srcs\sources_1\coin_selector.v:]
WARNING: [filemgmt 56-199] Attempt to get parsing info during refresh. "On-the-fly" syntax checking information may be incorrect. [C:\Users\88696\VerilogCode\FinalProject\VendingMachine\lab10\lab10.srcs\sources_1\dispensed_count_display.v:]
WARNING: [filemgmt 56-199] Attempt to get parsing info during refresh. "On-the-fly" syntax checking information may be incorrect. [C:\Users\88696\VerilogCode\FinalProject\VendingMachine\lab10\lab10.srcs\sources_1\main_fsm.v:]
WARNING: [filemgmt 56-199] Attempt to get parsing info during refresh. "On-the-fly" syntax checking information may be incorrect. [C:\Users\88696\VerilogCode\FinalProject\VendingMachine\lab10\lab10.srcs\sources_1\lab10.v:]
WARNING: [filemgmt 56-199] Attempt to get parsing info during refresh. "On-the-fly" syntax checking information may be incorrect. [C:\Users\88696\VerilogCode\FinalProject\VendingMachine\lab10\lab10.srcs\sources_1\dispensed_count_display.v:]
WARNING: [filemgmt 56-199] Attempt to get parsing info during refresh. "On-the-fly" syntax checking information may be incorrect. [C:\Users\88696\VerilogCode\FinalProject\VendingMachine\lab10\lab10.srcs\sources_1\dispensed_count_display.v:]
launch_runs impl_1 -to_step write_bitstream -jobs 8
[Sat Nov 29 23:58:47 2025] Launched synth_1...
Run output will be captured here: C:/Users/88696/VerilogCode/FinalProject/VendingMachine/lab10/lab10.runs/synth_1/runme.log
[Sat Nov 29 23:58:47 2025] Launched impl_1...
Run output will be captured here: C:/Users/88696/VerilogCode/FinalProject/VendingMachine/lab10/lab10.runs/impl_1/runme.log
open_hw_manager
connect_hw_server -allow_non_jtag
INFO: [Labtools 27-2285] Connecting to hw_server url TCP:localhost:3121
INFO: [Labtools 27-2222] Launching hw_server...
INFO: [Labtools 27-2221] Launch Output:

****** Xilinx hw_server v2025.1
  **** Build date : May  6 2025 at 09:15:36
    ** Copyright 1986-2022 Xilinx, Inc. All Rights Reserved.


INFO: [Labtools 27-3415] Connecting to cs_server url TCP:localhost:0
INFO: [Labtools 27-3417] Launching cs_server...
INFO: [Labtools 27-2221] Launch Output:


******** Xilinx cs_server v2025.1.0
  ****** Build date   : May 14 2025-03:15:27
    **** Build number : 2025.1.1747163727
      ** Copyright 2017-2022 Xilinx, Inc. All Rights Reserved.
      ** Copyright 2022-2025 Advanced Micro Devices, Inc. All Rights Reserved.



connect_hw_server: Time (s): cpu = 00:00:01 ; elapsed = 00:00:12 . Memory (MB): peak = 2334.316 ; gain = 0.000
open_hw_target
INFO: [Labtoolstcl 44-466] Opening hw_target localhost:3121/xilinx_tcf/Digilent/210319B3E516A
set_property PROGRAM.FILE {C:/Users/88696/VerilogCode/FinalProject/VendingMachine/lab10/lab10.runs/impl_1/lab10.bit} [get_hw_devices xc7a35t_0]
current_hw_device [get_hw_devices xc7a35t_0]
refresh_hw_device -update_hw_probes false [lindex [get_hw_devices xc7a35t_0] 0]
INFO: [Labtools 27-1434] Device xc7a35t (JTAG device index = 0) is programmed with a design that has no supported debug core(s) in it.
set_property PROBES.FILE {} [get_hw_devices xc7a35t_0]
set_property FULL_PROBES.FILE {} [get_hw_devices xc7a35t_0]
set_property PROGRAM.FILE {C:/Users/88696/VerilogCode/FinalProject/VendingMachine/lab10/lab10.runs/impl_1/lab10.bit} [get_hw_devices xc7a35t_0]
program_hw_devices [get_hw_devices xc7a35t_0]
INFO: [Labtools 27-3164] End of startup status: HIGH
refresh_hw_device [lindex [get_hw_devices xc7a35t_0] 0]
INFO: [Labtools 27-1434] Device xc7a35t (JTAG device index = 0) is programmed with a design that has no supported debug core(s) in it.
close_hw_manager
open_run impl_1
INFO: [Device 21-403] Loading part xc7a35ticsg324-1L
Netlist sorting complete. Time (s): cpu = 00:00:00 ; elapsed = 00:00:00.052 . Memory (MB): peak = 2334.316 ; gain = 0.000
INFO: [Netlist 29-17] Analyzing 186 Unisim elements for replacement
INFO: [Netlist 29-28] Unisim Transformation completed in 0 CPU seconds
INFO: [Project 1-479] Netlist was created with Vivado 2025.1
INFO: [Project 1-570] Preparing netlist for logic optimization
Read ShapeDB Complete: Time (s): cpu = 00:00:00 ; elapsed = 00:00:00.058 . Memory (MB): peak = 2334.316 ; gain = 0.000
INFO: [Timing 38-478] Restoring timing data from binary archive.
INFO: [Timing 38-479] Binary timing data restore complete.
INFO: [Project 1-856] Restoring constraints from binary archive.
INFO: [Project 1-853] Binary constraint restore complete.
INFO: [Designutils 20-5722] Start Reading Physical Databases.
Reading placement.
Read Netlist Cache: Time (s): cpu = 00:00:00 ; elapsed = 00:00:00.008 . Memory (MB): peak = 2579.703 ; gain = 0.000
Reading placer database...
Read Device Cache: Time (s): cpu = 00:00:00 ; elapsed = 00:00:00.016 . Memory (MB): peak = 2579.703 ; gain = 0.000
Read PlaceDB: Time (s): cpu = 00:00:01 ; elapsed = 00:00:00.240 . Memory (MB): peak = 2579.703 ; gain = 0.000
Read PulsedLatchDB: Time (s): cpu = 00:00:00 ; elapsed = 00:00:00.001 . Memory (MB): peak = 2579.703 ; gain = 0.000
Reading routing.
Read RouteStorage: Time (s): cpu = 00:00:00 ; elapsed = 00:00:00.090 . Memory (MB): peak = 2579.703 ; gain = 0.000
Read Physdb Files: Time (s): cpu = 00:00:01 ; elapsed = 00:00:00.386 . Memory (MB): peak = 2579.703 ; gain = 0.000
Restored from archive | CPU: 1.000000 secs | Memory: 0.000000 MB |
Finished XDEF File Restore: Time (s): cpu = 00:00:01 ; elapsed = 00:00:00.390 . Memory (MB): peak = 2579.703 ; gain = 0.000
Netlist sorting complete. Time (s): cpu = 00:00:00 ; elapsed = 00:00:00.003 . Memory (MB): peak = 2579.703 ; gain = 0.000
INFO: [Project 1-111] Unisim Transformation Summary:
No Unisim elements were transformed.

open_run: Time (s): cpu = 00:01:06 ; elapsed = 00:00:56 . Memory (MB): peak = 3137.141 ; gain = 802.824
WARNING: [Power 33-325] Unable to locate signal 'vs0/v_count_reg_reg[9]_2[0]' in design.
WARNING: [Power 33-325] Unable to locate signal 'vs0/h_count_reg_reg[8]_1[0]' in design.
WARNING: [Power 33-325] Unable to locate instance 'fsm0/selectbox_addr[6]_i_37' in design.
WARNING: [Power 33-325] Unable to locate instance 'fsm0/selectbox_addr[6]_i_27' in design.
WARNING: [Power 33-325] Unable to locate instance 'fsm0/selectbox_addr[6]_i_13' in design.
WARNING: [Power 33-325] Unable to locate instance 'fsm0/selectbox_addr[6]_i_21' in design.
WARNING: [Power 33-325] Unable to locate instance 'fsm0/selectbox_addr[6]_i_41' in design.
WARNING: [Power 33-325] Unable to locate instance 'price_calc0/total_due[3]_i_41' in design.
WARNING: [Power 33-325] Unable to locate instance 'fsm0/selectbox_addr[6]_i_43' in design.
WARNING: [Power 33-325] Unable to locate instance 'fsm0/selectbox_addr[6]_i_25' in design.
WARNING: [Power 33-325] Unable to locate instance 'vs0/selectbox_addr[6]_i_33' in design.
WARNING: [Power 33-325] Unable to locate instance 'fsm0/selectbox_addr[6]_i_67' in design.
WARNING: [Power 33-325] Unable to locate instance 'fsm0/selectbox_addr[6]_i_12' in design.
WARNING: [Power 33-325] Unable to locate instance 'coin_sel0/rgb_reg[3]_i_76' in design.
WARNING: [Power 33-325] Unable to locate instance 'vs0/selectbox_addr_reg[6]_i_56' in design.
WARNING: [Power 33-325] Unable to locate instance 'fsm0/selectbox_addr[6]_i_60' in design.
WARNING: [Power 33-325] Unable to locate instance 'coin_sel0/rgb_reg[3]_i_81' in design.
WARNING: [Power 33-325] Unable to locate instance 'fsm0/selectbox_addr[6]_i_39' in design.
WARNING: [Power 33-325] Unable to locate instance 'coin_sel0/rgb_reg[3]_i_78' in design.
WARNING: [Power 33-325] Unable to locate instance 'coin_sel0/rgb_reg[3]_i_69' in design.
WARNING: [Power 33-325] Unable to locate instance 'fsm0/selectbox_addr[6]_i_16' in design.
WARNING: [Power 33-325] Unable to locate instance 'coin_sel0/rgb_reg[3]_i_77' in design.
WARNING: [Power 33-325] Unable to locate instance 'coin_sel0/rgb_reg[3]_i_66' in design.
WARNING: [Power 33-325] Unable to locate instance 'coin_sel0/rgb_reg[3]_i_50' in design.
WARNING: [Power 33-325] Unable to locate instance 'coin_sel0/rgb_reg[3]_i_53' in design.
WARNING: [Power 33-325] Unable to locate instance 'fsm0/selectbox_addr[6]_i_72' in design.
WARNING: [Power 33-325] Unable to locate instance 'vs0/rgb_reg[5]_i_69' in design.
WARNING: [Power 33-325] Unable to locate instance 'coin_sel0/rgb_reg[3]_i_43' in design.
WARNING: [Power 33-325] Unable to locate instance 'fsm0/selectbox_addr[6]_i_49' in design.
WARNING: [Power 33-325] Unable to locate instance 'vs0/rgb_reg[5]_i_74' in design.
WARNING: [Power 33-325] Unable to locate instance 'vs0/rgb_reg[7]_i_100' in design.
WARNING: [Power 33-325] Unable to locate instance 'coin_sel0/rgb_reg[3]_i_51' in design.
WARNING: [Power 33-325] Unable to locate instance 'vs0/rgb_reg[7]_i_95' in design.
WARNING: [Power 33-325] Unable to locate instance 'fsm0/selectbox_addr[6]_i_45' in design.
WARNING: [Power 33-325] Unable to locate instance 'vs0/rgb_reg[5]_i_65' in design.
WARNING: [Power 33-325] Unable to locate instance 'vs0/rgb_reg[5]_i_70' in design.
WARNING: [Power 33-325] Unable to locate instance 'vs0/rgb_reg[7]_i_93' in design.
WARNING: [Power 33-325] Unable to locate instance 'vs0/selectbox_addr[6]_i_48' in design.
WARNING: [Power 33-325] Unable to locate instance 'vs0/rgb_reg[7]_i_91' in design.
WARNING: [Power 33-325] Unable to locate instance 'vs0/rgb_reg[7]_i_86' in design.
WARNING: [Power 33-325] Unable to locate instance 'coin_sel0/rgb_reg[3]_i_80' in design.
WARNING: [Power 33-325] Unable to locate instance 'coin_sel0/rgb_reg[3]_i_67' in design.
WARNING: [Power 33-325] Unable to locate instance 'vs0/rgb_reg[0]_i_41' in design.
WARNING: [Power 33-325] Unable to locate instance 'vs0/rgb_reg[5]_i_76' in design.
WARNING: [Power 33-325] Unable to locate instance 'vs0/rgb_reg[5]_i_47' in design.
WARNING: [Power 33-325] Unable to locate instance 'vs0/rgb_reg[7]_i_85' in design.
WARNING: [Power 33-325] Unable to locate instance 'vs0/rgb_reg[5]_i_52' in design.
WARNING: [Power 33-325] Unable to locate instance 'vs0/selectbox_addr[6]_i_44' in design.
WARNING: [Power 33-325] Unable to locate instance 'coin_sel0/rgb_reg[3]_i_75' in design.
WARNING: [Power 33-325] Unable to locate instance 'vs0/rgb_reg[5]_i_67' in design.
WARNING: [Power 33-325] Unable to locate instance 'vs0/rgb_reg[0]_i_29' in design.
WARNING: [Power 33-325] Unable to locate instance 'vs0/rgb_reg[0]_i_26' in design.
WARNING: [Power 33-325] Unable to locate instance 'vs0/pixel_addr[0]_i_1' in design.
WARNING: [Power 33-325] Unable to locate instance 'vs0/rgb_reg[0]_i_32' in design.
WARNING: [Power 33-325] Unable to locate instance 'vs0/rgb_reg[0]_i_37' in design.
WARNING: [Power 33-325] Unable to locate instance 'vs0/rgb_reg[0]_i_24' in design.
WARNING: [Power 33-325] Unable to locate instance 'vs0/rgb_reg[0]_i_16' in design.
WARNING: [Power 33-325] Unable to locate instance 'vs0/rgb_reg[5]_i_56' in design.
WARNING: [Power 33-325] Unable to locate instance 'vs0/rgb_reg[0]_i_42' in design.
WARNING: [Power 33-325] Unable to locate instance 'vs0/rgb_reg[0]_i_22' in design.
WARNING: [Power 33-325] Unable to locate instance 'coin_sel0/rgb_reg[3]_i_58' in design.
WARNING: [Power 33-325] Unable to locate instance 'vs0/rgb_reg[5]_i_71' in design.
WARNING: [Power 33-325] Unable to locate instance 'vs0/rgb_reg[7]_i_94' in design.
WARNING: [Power 33-325] Unable to locate instance 'vs0/rgb_reg[0]_i_34' in design.
WARNING: [Power 33-325] Unable to locate instance 'vs0/rgb_reg[5]_i_73' in design.
WARNING: [Power 33-325] Unable to locate instance 'fsm0/selectbox_addr_reg[6]_i_42' in design.
WARNING: [Power 33-325] Unable to locate instance 'vs0/rgb_reg[0]_i_19' in design.
WARNING: [Power 33-325] Unable to locate instance 'vs0/rgb_reg[5]_i_55' in design.
WARNING: [Power 33-325] Unable to locate instance 'vs0/rgb_reg[0]_i_13' in design.
WARNING: [Power 33-325] Unable to locate instance 'vs0/rgb_reg[5]_i_63' in design.
WARNING: [Power 33-325] Unable to locate instance 'vs0/rgb_reg[0]_i_21' in design.
WARNING: [Power 33-325] Unable to locate instance 'vs0/selectbox_addr[6]_i_19' in design.
WARNING: [Power 33-325] Unable to locate instance 'vs0/rgb_reg[0]_i_17' in design.
WARNING: [Power 33-325] Unable to locate instance 'ram_selectbox/rgb_reg[7]_i_2' in design.
WARNING: [Power 33-325] Unable to locate instance 'ram_selectbox/rgb_reg[4]_i_4' in design.
WARNING: [Power 33-325] Unable to locate instance 'ram_selectbox/rgb_reg[8]_i_4' in design.
WARNING: [Power 33-325] Unable to locate instance 'vs0/rgb_reg[0]_i_28' in design.
WARNING: [Power 33-325] Unable to locate instance 'ram_selectbox/rgb_reg[3]_i_3' in design.
WARNING: [Power 33-325] Unable to locate instance 'vs0/rgb_reg[5]_i_61' in design.
WARNING: [Power 33-325] Unable to locate instance 'vs0/rgb_reg[0]_i_43' in design.
WARNING: [Power 33-325] Unable to locate instance 'ram_selectbox/rgb_reg[11]_i_13' in design.
WARNING: [Power 33-325] Unable to locate instance 'vs0/rgb_reg[5]_i_72' in design.
WARNING: [Power 33-325] Unable to locate instance 'vs0/rgb_reg[7]_i_84' in design.
WARNING: [Power 33-325] Unable to locate instance 'vs0/rgb_reg[0]_i_14' in design.
WARNING: [Power 33-325] Unable to locate instance 'vs0/rgb_reg[5]_i_62' in design.
WARNING: [Power 33-325] Unable to locate instance 'vs0/rgb_reg[5]_i_54' in design.
WARNING: [Power 33-325] Unable to locate instance 'vs0/rgb_reg[5]_i_68' in design.
WARNING: [Power 33-325] Unable to locate instance 'vs0/rgb_reg[3]_i_8' in design.
WARNING: [Power 33-325] Unable to locate instance 'vs0/selectbox_addr_reg[6]_i_35' in design.
WARNING: [Power 33-325] Unable to locate instance 'vs0/rgb_reg[5]_i_26' in design.
WARNING: [Power 33-325] Unable to locate instance 'vs0/rgb_reg[0]_i_20' in design.
WARNING: [Power 33-325] Unable to locate instance 'fsm0/selectbox_addr_reg[6]_i_14' in design.
WARNING: [Power 33-325] Unable to locate instance 'vs0/rgb_reg[5]_i_51' in design.
WARNING: [Power 33-325] Unable to locate instance 'vs0/selectbox_addr[6]_i_61' in design.
WARNING: [Power 33-325] Unable to locate instance 'ram_selectbox/rgb_reg[7]_i_7' in design.
WARNING: [Power 33-325] Unable to locate instance 'vs0/rgb_reg[0]_i_7' in design.
WARNING: [Power 33-325] Unable to locate instance 'vs0/rgb_reg_reg[3]_i_45' in design.
WARNING: [Power 33-325] Unable to locate instance 'vs0/rgb_reg[7]_i_98' in design.
WARNING: [Power 33-325] Unable to locate instance 'vs0/rgb_reg_reg[3]_i_39' in design.
WARNING: [Power 33-325] Unable to locate instance 'vs0/rgb_reg[0]_i_18' in design.
INFO: [Common 17-14] Message 'Power 33-325' appears 100 times and further instances of the messages will be disabled. Use the Tcl command set_msg_config to change the current settings.
ERROR: [Common 17-180] Spawn failed: 操作順利完成。

CRITICAL WARNING: [Timing 38-282] The design failed to meet the timing requirements. Please see the timing summary report for details on the timing violations.
update_compile_order -fileset sources_1
WARNING: [filemgmt 56-199] Attempt to get parsing info during refresh. "On-the-fly" syntax checking information may be incorrect. [C:\Users\88696\VerilogCode\FinalProject\VendingMachine\lab10\lab10.srcs\sources_1\coord_scaler.v:]
WARNING: [filemgmt 56-199] Attempt to get parsing info during refresh. "On-the-fly" syntax checking information may be incorrect. [C:\Users\88696\VerilogCode\FinalProject\VendingMachine\lab10\lab10.srcs\sources_1\paid_calculator.v:]
WARNING: [filemgmt 56-199] Attempt to get parsing info during refresh. "On-the-fly" syntax checking information may be incorrect. [C:\Users\88696\VerilogCode\FinalProject\VendingMachine\lab10\lab10.srcs\sources_1\change_dispenser.v:]
WARNING: [filemgmt 56-199] Attempt to get parsing info during refresh. "On-the-fly" syntax checking information may be incorrect. [C:\Users\88696\VerilogCode\FinalProject\VendingMachine\lab10\lab10.srcs\sources_1\price_calculator.v:]
WARNING: [filemgmt 56-199] Attempt to get parsing info during refresh. "On-the-fly" syntax checking information may be incorrect. [C:\Users\88696\VerilogCode\FinalProject\VendingMachine\lab10\lab10.srcs\sources_1\coin_selector.v:]
WARNING: [filemgmt 56-199] Attempt to get parsing info during refresh. "On-the-fly" syntax checking information may be incorrect. [C:\Users\88696\VerilogCode\FinalProject\VendingMachine\lab10\lab10.srcs\sources_1\dispensed_count_display.v:]
WARNING: [filemgmt 56-199] Attempt to get parsing info during refresh. "On-the-fly" syntax checking information may be incorrect. [C:\Users\88696\VerilogCode\FinalProject\VendingMachine\lab10\lab10.srcs\sources_1\main_fsm.v:]
WARNING: [filemgmt 56-199] Attempt to get parsing info during refresh. "On-the-fly" syntax checking information may be incorrect. [C:\Users\88696\VerilogCode\FinalProject\VendingMachine\lab10\lab10.srcs\sources_1\lab10.v:]
WARNING: [filemgmt 56-199] Attempt to get parsing info during refresh. "On-the-fly" syntax checking information may be incorrect. [C:\Users\88696\VerilogCode\FinalProject\VendingMachine\lab10\lab10.srcs\sources_1\paid_calculator.v:]
WARNING: [filemgmt 56-199] Attempt to get parsing info during refresh. "On-the-fly" syntax checking information may be incorrect. [C:\Users\88696\VerilogCode\FinalProject\VendingMachine\lab10\lab10.srcs\sources_1\paid_calculator.v:]
WARNING: [filemgmt 56-199] Attempt to get parsing info during refresh. "On-the-fly" syntax checking information may be incorrect. [C:\Users\88696\VerilogCode\FinalProject\VendingMachine\lab10\lab10.srcs\sources_1\coord_scaler.v:]
WARNING: [filemgmt 56-199] Attempt to get parsing info during refresh. "On-the-fly" syntax checking information may be incorrect. [C:\Users\88696\VerilogCode\FinalProject\VendingMachine\lab10\lab10.srcs\sources_1\paid_calculator.v:]
WARNING: [filemgmt 56-199] Attempt to get parsing info during refresh. "On-the-fly" syntax checking information may be incorrect. [C:\Users\88696\VerilogCode\FinalProject\VendingMachine\lab10\lab10.srcs\sources_1\change_dispenser.v:]
WARNING: [filemgmt 56-199] Attempt to get parsing info during refresh. "On-the-fly" syntax checking information may be incorrect. [C:\Users\88696\VerilogCode\FinalProject\VendingMachine\lab10\lab10.srcs\sources_1\price_calculator.v:]
WARNING: [filemgmt 56-199] Attempt to get parsing info during refresh. "On-the-fly" syntax checking information may be incorrect. [C:\Users\88696\VerilogCode\FinalProject\VendingMachine\lab10\lab10.srcs\sources_1\coin_selector.v:]
WARNING: [filemgmt 56-199] Attempt to get parsing info during refresh. "On-the-fly" syntax checking information may be incorrect. [C:\Users\88696\VerilogCode\FinalProject\VendingMachine\lab10\lab10.srcs\sources_1\dispensed_count_display.v:]
WARNING: [filemgmt 56-199] Attempt to get parsing info during refresh. "On-the-fly" syntax checking information may be incorrect. [C:\Users\88696\VerilogCode\FinalProject\VendingMachine\lab10\lab10.srcs\sources_1\main_fsm.v:]
WARNING: [filemgmt 56-199] Attempt to get parsing info during refresh. "On-the-fly" syntax checking information may be incorrect. [C:\Users\88696\VerilogCode\FinalProject\VendingMachine\lab10\lab10.srcs\sources_1\lab10.v:]
WARNING: [filemgmt 56-199] Attempt to get parsing info during refresh. "On-the-fly" syntax checking information may be incorrect. [C:\Users\88696\VerilogCode\FinalProject\VendingMachine\lab10\lab10.srcs\sources_1\dispensed_count_display.v:]
WARNING: [filemgmt 56-199] Attempt to get parsing info during refresh. "On-the-fly" syntax checking information may be incorrect. [C:\Users\88696\VerilogCode\FinalProject\VendingMachine\lab10\lab10.srcs\sources_1\dispensed_count_display.v:]
WARNING: [filemgmt 56-199] Attempt to get parsing info during refresh. "On-the-fly" syntax checking information may be incorrect. [C:\Users\88696\VerilogCode\FinalProject\VendingMachine\lab10\lab10.srcs\sources_1\coord_scaler.v:]
WARNING: [filemgmt 56-199] Attempt to get parsing info during refresh. "On-the-fly" syntax checking information may be incorrect. [C:\Users\88696\VerilogCode\FinalProject\VendingMachine\lab10\lab10.srcs\sources_1\paid_calculator.v:]
WARNING: [filemgmt 56-199] Attempt to get parsing info during refresh. "On-the-fly" syntax checking information may be incorrect. [C:\Users\88696\VerilogCode\FinalProject\VendingMachine\lab10\lab10.srcs\sources_1\change_dispenser.v:]
WARNING: [filemgmt 56-199] Attempt to get parsing info during refresh. "On-the-fly" syntax checking information may be incorrect. [C:\Users\88696\VerilogCode\FinalProject\VendingMachine\lab10\lab10.srcs\sources_1\price_calculator.v:]
WARNING: [filemgmt 56-199] Attempt to get parsing info during refresh. "On-the-fly" syntax checking information may be incorrect. [C:\Users\88696\VerilogCode\FinalProject\VendingMachine\lab10\lab10.srcs\sources_1\coin_selector.v:]
WARNING: [filemgmt 56-199] Attempt to get parsing info during refresh. "On-the-fly" syntax checking information may be incorrect. [C:\Users\88696\VerilogCode\FinalProject\VendingMachine\lab10\lab10.srcs\sources_1\dispensed_count_display.v:]
WARNING: [filemgmt 56-199] Attempt to get parsing info during refresh. "On-the-fly" syntax checking information may be incorrect. [C:\Users\88696\VerilogCode\FinalProject\VendingMachine\lab10\lab10.srcs\sources_1\main_fsm.v:]
WARNING: [filemgmt 56-199] Attempt to get parsing info during refresh. "On-the-fly" syntax checking information may be incorrect. [C:\Users\88696\VerilogCode\FinalProject\VendingMachine\lab10\lab10.srcs\sources_1\lab10.v:]
WARNING: [filemgmt 56-199] Attempt to get parsing info during refresh. "On-the-fly" syntax checking information may be incorrect. [C:\Users\88696\VerilogCode\FinalProject\VendingMachine\lab10\lab10.srcs\sources_1\change_dispenser.v:]
WARNING: [filemgmt 56-199] Attempt to get parsing info during refresh. "On-the-fly" syntax checking information may be incorrect. [C:\Users\88696\VerilogCode\FinalProject\VendingMachine\lab10\lab10.srcs\sources_1\change_dispenser.v:]
WARNING: [filemgmt 56-199] Attempt to get parsing info during refresh. "On-the-fly" syntax checking information may be incorrect. [C:\Users\88696\VerilogCode\FinalProject\VendingMachine\lab10\lab10.srcs\sources_1\coord_scaler.v:]
WARNING: [filemgmt 56-199] Attempt to get parsing info during refresh. "On-the-fly" syntax checking information may be incorrect. [C:\Users\88696\VerilogCode\FinalProject\VendingMachine\lab10\lab10.srcs\sources_1\paid_calculator.v:]
WARNING: [filemgmt 56-199] Attempt to get parsing info during refresh. "On-the-fly" syntax checking information may be incorrect. [C:\Users\88696\VerilogCode\FinalProject\VendingMachine\lab10\lab10.srcs\sources_1\change_dispenser.v:]
WARNING: [filemgmt 56-199] Attempt to get parsing info during refresh. "On-the-fly" syntax checking information may be incorrect. [C:\Users\88696\VerilogCode\FinalProject\VendingMachine\lab10\lab10.srcs\sources_1\price_calculator.v:]
WARNING: [filemgmt 56-199] Attempt to get parsing info during refresh. "On-the-fly" syntax checking information may be incorrect. [C:\Users\88696\VerilogCode\FinalProject\VendingMachine\lab10\lab10.srcs\sources_1\coin_selector.v:]
WARNING: [filemgmt 56-199] Attempt to get parsing info during refresh. "On-the-fly" syntax checking information may be incorrect. [C:\Users\88696\VerilogCode\FinalProject\VendingMachine\lab10\lab10.srcs\sources_1\dispensed_count_display.v:]
WARNING: [filemgmt 56-199] Attempt to get parsing info during refresh. "On-the-fly" syntax checking information may be incorrect. [C:\Users\88696\VerilogCode\FinalProject\VendingMachine\lab10\lab10.srcs\sources_1\main_fsm.v:]
WARNING: [filemgmt 56-199] Attempt to get parsing info during refresh. "On-the-fly" syntax checking information may be incorrect. [C:\Users\88696\VerilogCode\FinalProject\VendingMachine\lab10\lab10.srcs\sources_1\lab10.v:]
WARNING: [filemgmt 56-199] Attempt to get parsing info during refresh. "On-the-fly" syntax checking information may be incorrect. [C:\Users\88696\VerilogCode\FinalProject\VendingMachine\lab10\lab10.srcs\sources_1\price_calculator.v:]
WARNING: [filemgmt 56-199] Attempt to get parsing info during refresh. "On-the-fly" syntax checking information may be incorrect. [C:\Users\88696\VerilogCode\FinalProject\VendingMachine\lab10\lab10.srcs\sources_1\price_calculator.v:]
WARNING: [filemgmt 56-199] Attempt to get parsing info during refresh. "On-the-fly" syntax checking information may be incorrect. [C:\Users\88696\VerilogCode\FinalProject\VendingMachine\lab10\lab10.srcs\sources_1\coord_scaler.v:]
WARNING: [filemgmt 56-199] Attempt to get parsing info during refresh. "On-the-fly" syntax checking information may be incorrect. [C:\Users\88696\VerilogCode\FinalProject\VendingMachine\lab10\lab10.srcs\sources_1\paid_calculator.v:]
WARNING: [filemgmt 56-199] Attempt to get parsing info during refresh. "On-the-fly" syntax checking information may be incorrect. [C:\Users\88696\VerilogCode\FinalProject\VendingMachine\lab10\lab10.srcs\sources_1\change_dispenser.v:]
WARNING: [filemgmt 56-199] Attempt to get parsing info during refresh. "On-the-fly" syntax checking information may be incorrect. [C:\Users\88696\VerilogCode\FinalProject\VendingMachine\lab10\lab10.srcs\sources_1\price_calculator.v:]
WARNING: [filemgmt 56-199] Attempt to get parsing info during refresh. "On-the-fly" syntax checking information may be incorrect. [C:\Users\88696\VerilogCode\FinalProject\VendingMachine\lab10\lab10.srcs\sources_1\coin_selector.v:]
WARNING: [filemgmt 56-199] Attempt to get parsing info during refresh. "On-the-fly" syntax checking information may be incorrect. [C:\Users\88696\VerilogCode\FinalProject\VendingMachine\lab10\lab10.srcs\sources_1\dispensed_count_display.v:]
WARNING: [filemgmt 56-199] Attempt to get parsing info during refresh. "On-the-fly" syntax checking information may be incorrect. [C:\Users\88696\VerilogCode\FinalProject\VendingMachine\lab10\lab10.srcs\sources_1\main_fsm.v:]
WARNING: [filemgmt 56-199] Attempt to get parsing info during refresh. "On-the-fly" syntax checking information may be incorrect. [C:\Users\88696\VerilogCode\FinalProject\VendingMachine\lab10\lab10.srcs\sources_1\lab10.v:]
WARNING: [filemgmt 56-199] Attempt to get parsing info during refresh. "On-the-fly" syntax checking information may be incorrect. [C:\Users\88696\VerilogCode\FinalProject\VendingMachine\lab10\lab10.srcs\sources_1\coin_selector.v:]
WARNING: [filemgmt 56-199] Attempt to get parsing info during refresh. "On-the-fly" syntax checking information may be incorrect. [C:\Users\88696\VerilogCode\FinalProject\VendingMachine\lab10\lab10.srcs\sources_1\coin_selector.v:]
WARNING: [filemgmt 56-199] Attempt to get parsing info during refresh. "On-the-fly" syntax checking information may be incorrect. [C:\Users\88696\VerilogCode\FinalProject\VendingMachine\lab10\lab10.srcs\sources_1\coord_scaler.v:]
WARNING: [filemgmt 56-199] Attempt to get parsing info during refresh. "On-the-fly" syntax checking information may be incorrect. [C:\Users\88696\VerilogCode\FinalProject\VendingMachine\lab10\lab10.srcs\sources_1\paid_calculator.v:]
WARNING: [filemgmt 56-199] Attempt to get parsing info during refresh. "On-the-fly" syntax checking information may be incorrect. [C:\Users\88696\VerilogCode\FinalProject\VendingMachine\lab10\lab10.srcs\sources_1\change_dispenser.v:]
WARNING: [filemgmt 56-199] Attempt to get parsing info during refresh. "On-the-fly" syntax checking information may be incorrect. [C:\Users\88696\VerilogCode\FinalProject\VendingMachine\lab10\lab10.srcs\sources_1\price_calculator.v:]
WARNING: [filemgmt 56-199] Attempt to get parsing info during refresh. "On-the-fly" syntax checking information may be incorrect. [C:\Users\88696\VerilogCode\FinalProject\VendingMachine\lab10\lab10.srcs\sources_1\coin_selector.v:]
WARNING: [filemgmt 56-199] Attempt to get parsing info during refresh. "On-the-fly" syntax checking information may be incorrect. [C:\Users\88696\VerilogCode\FinalProject\VendingMachine\lab10\lab10.srcs\sources_1\dispensed_count_display.v:]
WARNING: [filemgmt 56-199] Attempt to get parsing info during refresh. "On-the-fly" syntax checking information may be incorrect. [C:\Users\88696\VerilogCode\FinalProject\VendingMachine\lab10\lab10.srcs\sources_1\main_fsm.v:]
WARNING: [filemgmt 56-199] Attempt to get parsing info during refresh. "On-the-fly" syntax checking information may be incorrect. [C:\Users\88696\VerilogCode\FinalProject\VendingMachine\lab10\lab10.srcs\sources_1\lab10.v:]
WARNING: [filemgmt 56-199] Attempt to get parsing info during refresh. "On-the-fly" syntax checking information may be incorrect. [C:\Users\88696\VerilogCode\FinalProject\VendingMachine\lab10\lab10.srcs\sources_1\lab10.v:]
WARNING: [filemgmt 56-199] Attempt to get parsing info during refresh. "On-the-fly" syntax checking information may be incorrect. [C:\Users\88696\VerilogCode\FinalProject\VendingMachine\lab10\lab10.srcs\sources_1\lab10.v:]
WARNING: [filemgmt 56-199] Attempt to get parsing info during refresh. "On-the-fly" syntax checking information may be incorrect. [C:\Users\88696\VerilogCode\FinalProject\VendingMachine\lab10\lab10.srcs\sources_1\coord_scaler.v:]
WARNING: [filemgmt 56-199] Attempt to get parsing info during refresh. "On-the-fly" syntax checking information may be incorrect. [C:\Users\88696\VerilogCode\FinalProject\VendingMachine\lab10\lab10.srcs\sources_1\paid_calculator.v:]
WARNING: [filemgmt 56-199] Attempt to get parsing info during refresh. "On-the-fly" syntax checking information may be incorrect. [C:\Users\88696\VerilogCode\FinalProject\VendingMachine\lab10\lab10.srcs\sources_1\change_dispenser.v:]
WARNING: [filemgmt 56-199] Attempt to get parsing info during refresh. "On-the-fly" syntax checking information may be incorrect. [C:\Users\88696\VerilogCode\FinalProject\VendingMachine\lab10\lab10.srcs\sources_1\price_calculator.v:]
WARNING: [filemgmt 56-199] Attempt to get parsing info during refresh. "On-the-fly" syntax checking information may be incorrect. [C:\Users\88696\VerilogCode\FinalProject\VendingMachine\lab10\lab10.srcs\sources_1\coin_selector.v:]
WARNING: [filemgmt 56-199] Attempt to get parsing info during refresh. "On-the-fly" syntax checking information may be incorrect. [C:\Users\88696\VerilogCode\FinalProject\VendingMachine\lab10\lab10.srcs\sources_1\dispensed_count_display.v:]
WARNING: [filemgmt 56-199] Attempt to get parsing info during refresh. "On-the-fly" syntax checking information may be incorrect. [C:\Users\88696\VerilogCode\FinalProject\VendingMachine\lab10\lab10.srcs\sources_1\main_fsm.v:]
WARNING: [filemgmt 56-199] Attempt to get parsing info during refresh. "On-the-fly" syntax checking information may be incorrect. [C:\Users\88696\VerilogCode\FinalProject\VendingMachine\lab10\lab10.srcs\sources_1\lab10.v:]
WARNING: [filemgmt 56-199] Attempt to get parsing info during refresh. "On-the-fly" syntax checking information may be incorrect. [C:\Users\88696\VerilogCode\FinalProject\VendingMachine\lab10\lab10.srcs\sources_1\main_fsm.v:]
WARNING: [filemgmt 56-199] Attempt to get parsing info during refresh. "On-the-fly" syntax checking information may be incorrect. [C:\Users\88696\VerilogCode\FinalProject\VendingMachine\lab10\lab10.srcs\sources_1\main_fsm.v:]
exit
INFO: [Common 17-206] Exiting Vivado at Sun Nov 30 00:09:12 2025...
