
*** Running vivado
    with args -log lab10.vds -m64 -product Vivado -mode batch -messageDb vivado.pb -notrace -source lab10.tcl



****** Vivado v2025.1 (64-bit)
  **** SW Build 6140274 on Thu May 22 00:12:29 MDT 2025
  **** IP Build 6138677 on Thu May 22 03:10:11 MDT 2025
  **** SharedData Build 6139179 on Tue May 20 17:58:58 MDT 2025
  **** Start of session at: Fri Nov 28 00:43:44 2025
    ** Copyright 1986-2022 Xilinx, Inc. All Rights Reserved.
    ** Copyright 2022-2025 Advanced Micro Devices, Inc. All Rights Reserved.

source lab10.tcl -notrace
create_project: Time (s): cpu = 00:00:08 ; elapsed = 00:00:06 . Memory (MB): peak = 494.598 ; gain = 212.035
Command: read_checkpoint -auto_incremental -incremental D:/vivado/VendingMachine/lab10/lab10.srcs/utils_1/imports/synth_1/lab10.dcp
INFO: [Vivado 12-5825] Read reference checkpoint from D:/vivado/VendingMachine/lab10/lab10.srcs/utils_1/imports/synth_1/lab10.dcp for incremental synthesis
INFO: [Vivado 12-7989] Please ensure there are no constraint changes
Command: synth_design -top lab10 -part xc7a35ticsg324-1L
Starting synth_design
Attempting to get a license for feature 'Synthesis' and/or device 'xc7a35ti'
INFO: [Common 17-349] Got license for feature 'Synthesis' and/or device 'xc7a35ti'
INFO: [Device 21-403] Loading part xc7a35ticsg324-1L
INFO: [Designutils 20-5440] No compile time benefit to using incremental synthesis; A full resynthesis will be run
INFO: [Designutils 20-4379] Flow is switching to default flow due to incremental criteria not met. If you would like to alter this behaviour and have the flow terminate instead, please set the following parameter config_implementation {autoIncr.Synth.RejectBehavior Terminate}
INFO: [Synth 8-7079] Multithreading enabled for synth_design using a maximum of 2 processes.
INFO: [Synth 8-7078] Launching helper process for spawning children vivado processes
INFO: [Synth 8-7075] Helper process launched with PID 41592
---------------------------------------------------------------------------------
Starting RTL Elaboration : Time (s): cpu = 00:00:05 ; elapsed = 00:00:06 . Memory (MB): peak = 1184.672 ; gain = 494.711
---------------------------------------------------------------------------------
INFO: [Synth 8-11241] undeclared symbol 'dispensing', assumed default net type 'wire' [D:/vivado/VendingMachine/lab10/lab10.srcs/sources_1/lab10.v:74]
INFO: [Synth 8-11241] undeclared symbol 'dispense_completed', assumed default net type 'wire' [D:/vivado/VendingMachine/lab10/lab10.srcs/sources_1/lab10.v:75]
WARNING: [Synth 8-8895] 'dispensing' is already implicitly declared on line 74 [D:/vivado/VendingMachine/lab10/lab10.srcs/sources_1/lab10.v:194]
WARNING: [Synth 8-8895] 'dispense_completed' is already implicitly declared on line 75 [D:/vivado/VendingMachine/lab10/lab10.srcs/sources_1/lab10.v:195]
WARNING: [Synth 8-6901] identifier 'dispensed_coins' is used before its declaration [D:/vivado/VendingMachine/lab10/lab10.srcs/sources_1/lab10.v:202]
WARNING: [Synth 8-6901] identifier 'dispensed_coins' is used before its declaration [D:/vivado/VendingMachine/lab10/lab10.srcs/sources_1/lab10.v:203]
WARNING: [Synth 8-6901] identifier 'dispensed_coins' is used before its declaration [D:/vivado/VendingMachine/lab10/lab10.srcs/sources_1/lab10.v:204]
WARNING: [Synth 8-6901] identifier 'coins_inserted' is used before its declaration [D:/vivado/VendingMachine/lab10/lab10.srcs/sources_1/lab10.v:205]
WARNING: [Synth 8-6901] identifier 'coins_inserted' is used before its declaration [D:/vivado/VendingMachine/lab10/lab10.srcs/sources_1/lab10.v:206]
WARNING: [Synth 8-6901] identifier 'coins_inserted' is used before its declaration [D:/vivado/VendingMachine/lab10/lab10.srcs/sources_1/lab10.v:207]
WARNING: [Synth 8-6901] identifier 'avail_coins' is used before its declaration [D:/vivado/VendingMachine/lab10/lab10.srcs/sources_1/lab10.v:209]
WARNING: [Synth 8-6901] identifier 'avail_coins' is used before its declaration [D:/vivado/VendingMachine/lab10/lab10.srcs/sources_1/lab10.v:210]
WARNING: [Synth 8-6901] identifier 'avail_coins' is used before its declaration [D:/vivado/VendingMachine/lab10/lab10.srcs/sources_1/lab10.v:211]
WARNING: [Synth 8-6901] identifier 'stock' is used before its declaration [D:/vivado/VendingMachine/lab10/lab10.srcs/sources_1/lab10.v:213]
WARNING: [Synth 8-6901] identifier 'stock' is used before its declaration [D:/vivado/VendingMachine/lab10/lab10.srcs/sources_1/lab10.v:213]
WARNING: [Synth 8-6901] identifier 'stock' is used before its declaration [D:/vivado/VendingMachine/lab10/lab10.srcs/sources_1/lab10.v:213]
WARNING: [Synth 8-6901] identifier 'stock' is used before its declaration [D:/vivado/VendingMachine/lab10/lab10.srcs/sources_1/lab10.v:214]
WARNING: [Synth 8-6901] identifier 'stock' is used before its declaration [D:/vivado/VendingMachine/lab10/lab10.srcs/sources_1/lab10.v:214]
WARNING: [Synth 8-6901] identifier 'stock' is used before its declaration [D:/vivado/VendingMachine/lab10/lab10.srcs/sources_1/lab10.v:214]
WARNING: [Synth 8-6901] identifier 'stock' is used before its declaration [D:/vivado/VendingMachine/lab10/lab10.srcs/sources_1/lab10.v:215]
WARNING: [Synth 8-6901] identifier 'stock' is used before its declaration [D:/vivado/VendingMachine/lab10/lab10.srcs/sources_1/lab10.v:215]
WARNING: [Synth 8-6901] identifier 'stock' is used before its declaration [D:/vivado/VendingMachine/lab10/lab10.srcs/sources_1/lab10.v:215]
WARNING: [Synth 8-6901] identifier 'dispensed_coins' is used before its declaration [D:/vivado/VendingMachine/lab10/lab10.srcs/sources_1/lab10.v:223]
WARNING: [Synth 8-6901] identifier 'dispensed_coins' is used before its declaration [D:/vivado/VendingMachine/lab10/lab10.srcs/sources_1/lab10.v:224]
WARNING: [Synth 8-6901] identifier 'dispensed_coins' is used before its declaration [D:/vivado/VendingMachine/lab10/lab10.srcs/sources_1/lab10.v:225]
WARNING: [Synth 8-6901] identifier 'coins_inserted' is used before its declaration [D:/vivado/VendingMachine/lab10/lab10.srcs/sources_1/lab10.v:226]
WARNING: [Synth 8-6901] identifier 'coins_inserted' is used before its declaration [D:/vivado/VendingMachine/lab10/lab10.srcs/sources_1/lab10.v:227]
WARNING: [Synth 8-6901] identifier 'coins_inserted' is used before its declaration [D:/vivado/VendingMachine/lab10/lab10.srcs/sources_1/lab10.v:228]
WARNING: [Synth 8-6901] identifier 'avail_coins' is used before its declaration [D:/vivado/VendingMachine/lab10/lab10.srcs/sources_1/lab10.v:234]
WARNING: [Synth 8-6901] identifier 'avail_coins' is used before its declaration [D:/vivado/VendingMachine/lab10/lab10.srcs/sources_1/lab10.v:234]
WARNING: [Synth 8-6901] identifier 'coins_inserted' is used before its declaration [D:/vivado/VendingMachine/lab10/lab10.srcs/sources_1/lab10.v:234]
WARNING: [Synth 8-6901] identifier 'avail_coins' is used before its declaration [D:/vivado/VendingMachine/lab10/lab10.srcs/sources_1/lab10.v:235]
WARNING: [Synth 8-6901] identifier 'avail_coins' is used before its declaration [D:/vivado/VendingMachine/lab10/lab10.srcs/sources_1/lab10.v:235]
WARNING: [Synth 8-6901] identifier 'coins_inserted' is used before its declaration [D:/vivado/VendingMachine/lab10/lab10.srcs/sources_1/lab10.v:235]
WARNING: [Synth 8-6901] identifier 'avail_coins' is used before its declaration [D:/vivado/VendingMachine/lab10/lab10.srcs/sources_1/lab10.v:236]
WARNING: [Synth 8-6901] identifier 'avail_coins' is used before its declaration [D:/vivado/VendingMachine/lab10/lab10.srcs/sources_1/lab10.v:236]
WARNING: [Synth 8-6901] identifier 'coins_inserted' is used before its declaration [D:/vivado/VendingMachine/lab10/lab10.srcs/sources_1/lab10.v:236]
WARNING: [Synth 8-6901] identifier 'stock' is used before its declaration [D:/vivado/VendingMachine/lab10/lab10.srcs/sources_1/lab10.v:239]
WARNING: [Synth 8-6901] identifier 'stock' is used before its declaration [D:/vivado/VendingMachine/lab10/lab10.srcs/sources_1/lab10.v:239]
WARNING: [Synth 8-6901] identifier 'cart_quantity' is used before its declaration [D:/vivado/VendingMachine/lab10/lab10.srcs/sources_1/lab10.v:239]
WARNING: [Synth 8-6901] identifier 'stock' is used before its declaration [D:/vivado/VendingMachine/lab10/lab10.srcs/sources_1/lab10.v:240]
WARNING: [Synth 8-6901] identifier 'stock' is used before its declaration [D:/vivado/VendingMachine/lab10/lab10.srcs/sources_1/lab10.v:240]
WARNING: [Synth 8-6901] identifier 'cart_quantity' is used before its declaration [D:/vivado/VendingMachine/lab10/lab10.srcs/sources_1/lab10.v:240]
WARNING: [Synth 8-6901] identifier 'stock' is used before its declaration [D:/vivado/VendingMachine/lab10/lab10.srcs/sources_1/lab10.v:241]
WARNING: [Synth 8-6901] identifier 'stock' is used before its declaration [D:/vivado/VendingMachine/lab10/lab10.srcs/sources_1/lab10.v:241]
WARNING: [Synth 8-6901] identifier 'cart_quantity' is used before its declaration [D:/vivado/VendingMachine/lab10/lab10.srcs/sources_1/lab10.v:241]
WARNING: [Synth 8-6901] identifier 'stock' is used before its declaration [D:/vivado/VendingMachine/lab10/lab10.srcs/sources_1/lab10.v:242]
WARNING: [Synth 8-6901] identifier 'stock' is used before its declaration [D:/vivado/VendingMachine/lab10/lab10.srcs/sources_1/lab10.v:242]
WARNING: [Synth 8-6901] identifier 'cart_quantity' is used before its declaration [D:/vivado/VendingMachine/lab10/lab10.srcs/sources_1/lab10.v:242]
WARNING: [Synth 8-6901] identifier 'stock' is used before its declaration [D:/vivado/VendingMachine/lab10/lab10.srcs/sources_1/lab10.v:243]
WARNING: [Synth 8-6901] identifier 'stock' is used before its declaration [D:/vivado/VendingMachine/lab10/lab10.srcs/sources_1/lab10.v:243]
WARNING: [Synth 8-6901] identifier 'cart_quantity' is used before its declaration [D:/vivado/VendingMachine/lab10/lab10.srcs/sources_1/lab10.v:243]
WARNING: [Synth 8-6901] identifier 'stock' is used before its declaration [D:/vivado/VendingMachine/lab10/lab10.srcs/sources_1/lab10.v:244]
WARNING: [Synth 8-6901] identifier 'stock' is used before its declaration [D:/vivado/VendingMachine/lab10/lab10.srcs/sources_1/lab10.v:244]
WARNING: [Synth 8-6901] identifier 'cart_quantity' is used before its declaration [D:/vivado/VendingMachine/lab10/lab10.srcs/sources_1/lab10.v:244]
WARNING: [Synth 8-6901] identifier 'stock' is used before its declaration [D:/vivado/VendingMachine/lab10/lab10.srcs/sources_1/lab10.v:245]
WARNING: [Synth 8-6901] identifier 'stock' is used before its declaration [D:/vivado/VendingMachine/lab10/lab10.srcs/sources_1/lab10.v:245]
WARNING: [Synth 8-6901] identifier 'cart_quantity' is used before its declaration [D:/vivado/VendingMachine/lab10/lab10.srcs/sources_1/lab10.v:245]
WARNING: [Synth 8-6901] identifier 'stock' is used before its declaration [D:/vivado/VendingMachine/lab10/lab10.srcs/sources_1/lab10.v:246]
WARNING: [Synth 8-6901] identifier 'stock' is used before its declaration [D:/vivado/VendingMachine/lab10/lab10.srcs/sources_1/lab10.v:246]
WARNING: [Synth 8-6901] identifier 'cart_quantity' is used before its declaration [D:/vivado/VendingMachine/lab10/lab10.srcs/sources_1/lab10.v:246]
WARNING: [Synth 8-6901] identifier 'stock' is used before its declaration [D:/vivado/VendingMachine/lab10/lab10.srcs/sources_1/lab10.v:247]
WARNING: [Synth 8-6901] identifier 'stock' is used before its declaration [D:/vivado/VendingMachine/lab10/lab10.srcs/sources_1/lab10.v:247]
WARNING: [Synth 8-6901] identifier 'cart_quantity' is used before its declaration [D:/vivado/VendingMachine/lab10/lab10.srcs/sources_1/lab10.v:247]
WARNING: [Synth 8-6901] identifier 'dispensed_coins' is used before its declaration [D:/vivado/VendingMachine/lab10/lab10.srcs/sources_1/lab10.v:250]
WARNING: [Synth 8-6901] identifier 'dispensed_coins' is used before its declaration [D:/vivado/VendingMachine/lab10/lab10.srcs/sources_1/lab10.v:251]
WARNING: [Synth 8-6901] identifier 'dispensed_coins' is used before its declaration [D:/vivado/VendingMachine/lab10/lab10.srcs/sources_1/lab10.v:252]
WARNING: [Synth 8-6901] identifier 'coins_inserted' is used before its declaration [D:/vivado/VendingMachine/lab10/lab10.srcs/sources_1/lab10.v:255]
WARNING: [Synth 8-6901] identifier 'coins_inserted' is used before its declaration [D:/vivado/VendingMachine/lab10/lab10.srcs/sources_1/lab10.v:256]
WARNING: [Synth 8-6901] identifier 'coins_inserted' is used before its declaration [D:/vivado/VendingMachine/lab10/lab10.srcs/sources_1/lab10.v:257]
WARNING: [Synth 8-6901] identifier 'coins_inserted' is used before its declaration [D:/vivado/VendingMachine/lab10/lab10.srcs/sources_1/lab10.v:272]
WARNING: [Synth 8-6901] identifier 'coins_inserted' is used before its declaration [D:/vivado/VendingMachine/lab10/lab10.srcs/sources_1/lab10.v:272]
INFO: [Synth 8-6157] synthesizing module 'lab10' [D:/vivado/VendingMachine/lab10/lab10.srcs/sources_1/lab10.v:11]
INFO: [Synth 8-6157] synthesizing module 'debounce' [D:/vivado/VendingMachine/lab10/lab10.srcs/sources_1/debounce.v:2]
INFO: [Synth 8-6155] done synthesizing module 'debounce' (0#1) [D:/vivado/VendingMachine/lab10/lab10.srcs/sources_1/debounce.v:2]
INFO: [Synth 8-6157] synthesizing module 'main_fsm' [D:/vivado/VendingMachine/lab10/lab10.srcs/sources_1/main_fsm.v:9]
INFO: [Synth 8-226] default block is never used [D:/vivado/VendingMachine/lab10/lab10.srcs/sources_1/main_fsm.v:41]
INFO: [Synth 8-6155] done synthesizing module 'main_fsm' (0#1) [D:/vivado/VendingMachine/lab10/lab10.srcs/sources_1/main_fsm.v:9]
INFO: [Synth 8-6157] synthesizing module 'vending_fsm' [D:/vivado/VendingMachine/lab10/lab10.srcs/sources_1/vending_fsm.v:2]
INFO: [Synth 8-6155] done synthesizing module 'vending_fsm' (0#1) [D:/vivado/VendingMachine/lab10/lab10.srcs/sources_1/vending_fsm.v:2]
INFO: [Synth 8-6157] synthesizing module 'coin_selector' [D:/vivado/VendingMachine/lab10/lab10.srcs/sources_1/coin_selector.v:10]
INFO: [Synth 8-6155] done synthesizing module 'coin_selector' (0#1) [D:/vivado/VendingMachine/lab10/lab10.srcs/sources_1/coin_selector.v:10]
INFO: [Synth 8-6157] synthesizing module 'price_calculator' [D:/vivado/VendingMachine/lab10/lab10.srcs/sources_1/price_calculator.v:7]
INFO: [Synth 8-6155] done synthesizing module 'price_calculator' (0#1) [D:/vivado/VendingMachine/lab10/lab10.srcs/sources_1/price_calculator.v:7]
INFO: [Synth 8-6157] synthesizing module 'paid_calculator' [D:/vivado/VendingMachine/lab10/lab10.srcs/sources_1/paid_calculator.v:7]
INFO: [Synth 8-6155] done synthesizing module 'paid_calculator' (0#1) [D:/vivado/VendingMachine/lab10/lab10.srcs/sources_1/paid_calculator.v:7]
INFO: [Synth 8-6157] synthesizing module 'change_dispenser' [D:/vivado/VendingMachine/lab10/lab10.srcs/sources_1/change_dispenser.v:6]
INFO: [Synth 8-155] case statement is not full and has no default [D:/vivado/VendingMachine/lab10/lab10.srcs/sources_1/change_dispenser.v:96]
INFO: [Synth 8-6155] done synthesizing module 'change_dispenser' (0#1) [D:/vivado/VendingMachine/lab10/lab10.srcs/sources_1/change_dispenser.v:6]
INFO: [Synth 8-6157] synthesizing module 'vga_sync' [D:/vivado/VendingMachine/lab10/lab10.srcs/sources_1/vga_sync.v:19]
INFO: [Synth 8-6155] done synthesizing module 'vga_sync' (0#1) [D:/vivado/VendingMachine/lab10/lab10.srcs/sources_1/vga_sync.v:19]
INFO: [Synth 8-6157] synthesizing module 'clk_divider' [D:/vivado/VendingMachine/lab10/lab10.srcs/sources_1/clk_divider.v:21]
	Parameter divider bound to: 2 - type: integer 
INFO: [Synth 8-6155] done synthesizing module 'clk_divider' (0#1) [D:/vivado/VendingMachine/lab10/lab10.srcs/sources_1/clk_divider.v:21]
INFO: [Synth 8-6157] synthesizing module 'text_renderer' [D:/vivado/VendingMachine/lab10/lab10.srcs/sources_1/text_renderer.v:7]
INFO: [Synth 8-6157] synthesizing module 'bin2bcd' [D:/vivado/VendingMachine/lab10/lab10.srcs/sources_1/bin2bcd.v:16]
INFO: [Synth 8-6155] done synthesizing module 'bin2bcd' (0#1) [D:/vivado/VendingMachine/lab10/lab10.srcs/sources_1/bin2bcd.v:16]
INFO: [Synth 8-6157] synthesizing module 'pc_vga_8x16_00_7F' [D:/vivado/VendingMachine/lab10/lab10.srcs/sources_1/pc_vga_8x16_00_7F.v:2]
INFO: [Synth 8-6157] synthesizing module 'RAMB16_S1' [D:/2025.1/Vivado/scripts/rt/data/unisim_comp.v:149228]
	Parameter INIT_00 bound to: 256'b0000000000000000000000000000000000000000000000000000000000000000000000000000000000000000000000000000000000000000000000000000000000000000000000000000000000000000011111101000000110000001100110011011110110000001100000011010010110000001011111100000000000000000 
	Parameter INIT_01 bound to: 256'b0000000000000000000000000000000001111110111111111111111111100111110000111111111111111111110110111111111101111110000000000000000000000000000000000000000000000000000100000011100001111100111111101111111011111110111111100110110000000000000000000000000000000000 
	Parameter INIT_02 bound to: 256'b0000000000000000000000000000000000000000000100000011100001111100111111100111110000111000000100000000000000000000000000000000000000000000000000000000000000000000001111000001100000011000111001111110011111100111001111000011110000011000000000000000000000000000 
	Parameter INIT_03 bound to: 256'b0000000000000000000000000000000000111100000110000001100001111110111111111111111101111110001111000001100000000000000000000000000000000000000000000000000000000000000000000000000000011000001111000011110000011000000000000000000000000000000000000000000000000000 
	Parameter INIT_04 bound to: 256'b1111111111111111111111111111111111111111111111111110011111000011110000111110011111111111111111111111111111111111111111111111111100000000000000000000000000000000000000000011110001100110010000100100001001100110001111000000000000000000000000000000000000000000 
	Parameter INIT_05 bound to: 256'b1111111111111111111111111111111111111111110000111001100110111101101111011001100111000011111111111111111111111111111111111111111100000000000000000000000000000000011110001100110011001100110011001100110001111000001100100001101000001110000111100000000000000000 
	Parameter INIT_06 bound to: 256'b0000000000000000000000000000000000011000000110000111111000011000001111000110011001100110011001100110011000111100000000000000000000000000000000000000000000000000111000001111000001110000001100000011000000110000001100000011111100110011001111110000000000000000 
	Parameter INIT_07 bound to: 256'b0000000000000000000000001100000011100110111001110110011101100011011000110110001101100011011111110110001101111111000000000000000000000000000000000000000000000000000110000001100011011011001111001110011100111100110110110001100000011000000000000000000000000000 
	Parameter INIT_08 bound to: 256'b0000000000000000000000000000000010000000110000001110000011110000111110001111111011111000111100001110000011000000100000000000000000000000000000000000000000000000000000100000011000001110000111100011111011111110001111100001111000001110000001100000001000000000 
	Parameter INIT_09 bound to: 256'b0000000000000000000000000000000000000000000110000011110001111110000110000001100000011000011111100011110000011000000000000000000000000000000000000000000000000000011001100110011000000000011001100110011001100110011001100110011001100110011001100000000000000000 
	Parameter INIT_0A bound to: 256'b0000000000000000000000000000000000011011000110110001101100011011000110110111101111011011110110111101101101111111000000000000000000000000000000000000000001111100110001100000110000111000011011001100011011000110011011000011100001100000110001100111110000000000 
	Parameter INIT_0B bound to: 256'b0000000000000000000000000000000011111110111111101111111011111110000000000000000000000000000000000000000000000000000000000000000000000000000000000000000000000000011111100001100000111100011111100001100000011000000110000111111000111100000110000000000000000000 
	Parameter INIT_0C bound to: 256'b0000000000000000000000000000000000011000000110000001100000011000000110000001100000011000011111100011110000011000000000000000000000000000000000000000000000000000000110000011110001111110000110000001100000011000000110000001100000011000000110000000000000000000 
	Parameter INIT_0D bound to: 256'b0000000000000000000000000000000000000000000000000001100000001100111111100000110000011000000000000000000000000000000000000000000000000000000000000000000000000000000000000000000000110000011000001111111001100000001100000000000000000000000000000000000000000000 
	Parameter INIT_0E bound to: 256'b0000000000000000000000000000000000000000000000001111111011000000110000001100000000000000000000000000000000000000000000000000000000000000000000000000000000000000000000000000000000100100011001101111111101100110001001000000000000000000000000000000000000000000 
	Parameter INIT_0F bound to: 256'b0000000000000000000000000000000000000000111111101111111001111100011111000011100000111000000100000000000000000000000000000000000000000000000000000000000000000000000000000001000000111000001110000111110001111100111111101111111000000000000000000000000000000000 
	Parameter INIT_10 bound to: 256'b0000000000000000000000000000000000000000000000000000000000000000000000000000000000000000000000000000000000000000000000000000000000000000000000000000000000000000000110000001100000000000000110000001100000011000001111000011110000111100000110000000000000000000 
	Parameter INIT_11 bound to: 256'b0000000000000000000000000000000000000000000000000000000000000000000000000000000000000000001001000110011001100110011001100000000000000000000000000000000000000000011011000110110011111110011011000110110001101100111111100110110001101100000000000000000000000000 
	Parameter INIT_12 bound to: 256'b0000000000000000000110000001100001111100110001101000011000000110000001100111110011000000110000101100011001111100000110000001100000000000000000000000000000000000100001101100011001100000001100000001100000001100110001101100001000000000000000000000000000000000 
	Parameter INIT_13 bound to: 256'b0000000000000000000000000000000001110110110011001100110011001100110111000111011000111000011011000110110000111000000000000000000000000000000000000000000000000000000000000000000000000000000000000000000000000000000000000110000000110000001100000011000000000000 
	Parameter INIT_14 bound to: 256'b0000000000000000000000000000000000001100000110000011000000110000001100000011000000110000001100000001100000001100000000000000000000000000000000000000000000000000001100000001100000001100000011000000110000001100000011000000110000011000001100000000000000000000 
	Parameter INIT_15 bound to: 256'b0000000000000000000000000000000000000000000000000110011000111100111111110011110001100110000000000000000000000000000000000000000000000000000000000000000000000000000000000000000000011000000110000111111000011000000110000000000000000000000000000000000000000000 
	Parameter INIT_16 bound to: 256'b0000000000000000000000000011000000011000000110000001100000000000000000000000000000000000000000000000000000000000000000000000000000000000000000000000000000000000000000000000000000000000000000000111111000000000000000000000000000000000000000000000000000000000 
	Parameter INIT_17 bound to: 256'b0000000000000000000000000000000000011000000110000000000000000000000000000000000000000000000000000000000000000000000000000000000000000000000000000000000000000000100000001100000001100000001100000001100000001100000001100000001000000000000000000000000000000000 
	Parameter INIT_18 bound to: 256'b0000000000000000000000000000000001111100110001101100011011100110111101101101111011001110110001101100011001111100000000000000000000000000000000000000000000000000011111100001100000011000000110000001100000011000000110000111100000111000000110000000000000000000 
	Parameter INIT_19 bound to: 256'b0000000000000000000000000000000011111110110001101100000001100000001100000001100000001100000001101100011001111100000000000000000000000000000000000000000000000000011111001100011000000110000001100000011000111100000001100000011011000110011111000000000000000000 
	Parameter INIT_1A bound to: 256'b0000000000000000000000000000000000011110000011000000110000001100111111101100110001101100001111000001110000001100000000000000000000000000000000000000000000000000011111001100011000000110000001100000011011111100110000001100000011000000111111100000000000000000 
	Parameter INIT_1B bound to: 256'b0000000000000000000000000000000001111100110001101100011011000110110001101111110011000000110000000110000000111000000000000000000000000000000000000000000000000000001100000011000000110000001100000001100000001100000001100000011011000110111111100000000000000000 
	Parameter INIT_1C bound to: 256'b0000000000000000000000000000000001111100110001101100011011000110110001100111110011000110110001101100011001111100000000000000000000000000000000000000000000000000011110000000110000000110000001100000011001111110110001101100011011000110011111000000000000000000 
	Parameter INIT_1D bound to: 256'b0000000000000000000000000000000000000000000110000001100000000000000000000000000000011000000110000000000000000000000000000000000000000000000000000000000000000000001100000001100000011000000000000000000000000000000110000001100000000000000000000000000000000000 
	Parameter INIT_1E bound to: 256'b0000000000000000000000000000000000000110000011000001100000110000011000000011000000011000000011000000011000000000000000000000000000000000000000000000000000000000000000000000000000000000011111100000000000000000011111100000000000000000000000000000000000000000 
	Parameter INIT_1F bound to: 256'b0000000000000000000000000000000001100000001100000001100000001100000001100000110000011000001100000110000000000000000000000000000000000000000000000000000000000000000110000001100000000000000110000001100000011000000011001100011011000110011111000000000000000000 
	Parameter INIT_20 bound to: 256'b0000000000000000000000000000000001111100110000001101110011011110110111101101111011000110110001101100011001111100000000000000000000000000000000000000000000000000110001101100011011000110110001101111111011000110110001100110110000111000000100000000000000000000 
	Parameter INIT_21 bound to: 256'b0000000000000000000000000000000011111100011001100110011001100110011001100111110001100110011001100110011011111100000000000000000000000000000000000000000000000000001111000110011011000010110000001100000011000000110000001100001001100110001111000000000000000000 
	Parameter INIT_22 bound to: 256'b0000000000000000000000000000000011111000011011000110011001100110011001100110011001100110011001100110110011111000000000000000000000000000000000000000000000000000111111100110011001100010011000000110100001111000011010000110001001100110111111100000000000000000 
	Parameter INIT_23 bound to: 256'b0000000000000000000000000000000011110000011000000110000001100000011010000111100001101000011000100110011011111110000000000000000000000000000000000000000000000000001110100110011011000110110001101101111011000000110000001100001001100110001111000000000000000000 
	Parameter INIT_24 bound to: 256'b0000000000000000000000000000000011000110110001101100011011000110110001101111111011000110110001101100011011000110000000000000000000000000000000000000000000000000001111000001100000011000000110000001100000011000000110000001100000011000001111000000000000000000 
	Parameter INIT_25 bound to: 256'b0000000000000000000000000000000001111000110011001100110011001100000011000000110000001100000011000000110000011110000000000000000000000000000000000000000000000000111001100110011001100110011011000111100001111000011011000110011001100110111001100000000000000000 
	Parameter INIT_26 bound to: 256'b0000000000000000000000000000000011111110011001100110001001100000011000000110000001100000011000000110000011110000000000000000000000000000000000000000000000000000110000111100001111000011110000111100001111011011111111111111111111100111110000110000000000000000 
	Parameter INIT_27 bound to: 256'b0000000000000000000000000000000011000110110001101100011011000110110011101101111011111110111101101110011011000110000000000000000000000000000000000000000000000000011111001100011011000110110001101100011011000110110001101100011011000110011111000000000000000000 
	Parameter INIT_28 bound to: 256'b0000000000000000000000000000000011110000011000000110000001100000011000000111110001100110011001100110011011111100000000000000000000000000000000000000111000001100011111001101111011010110110001101100011011000110110001101100011011000110011111000000000000000000 
	Parameter INIT_29 bound to: 256'b0000000000000000000000000000000011100110011001100110011001100110011011000111110001100110011001100110011011111100000000000000000000000000000000000000000000000000011111001100011011000110000001100000110000111000011000001100011011000110011111000000000000000000 
	Parameter INIT_2A bound to: 256'b0000000000000000000000000000000000111100000110000001100000011000000110000001100000011000100110011101101111111111000000000000000000000000000000000000000000000000011111001100011011000110110001101100011011000110110001101100011011000110110001100000000000000000 
	Parameter INIT_2B bound to: 256'b0000000000000000000000000000000000011000001111000110011011000011110000111100001111000011110000111100001111000011000000000000000000000000000000000000000000000000011001100110011011111111110110111101101111000011110000111100001111000011110000110000000000000000 
	Parameter INIT_2C bound to: 256'b0000000000000000000000000000000011000011110000110110011000111100000110000001100000111100011001101100001111000011000000000000000000000000000000000000000000000000001111000001100000011000000110000001100000111100011001101100001111000011110000110000000000000000 
	Parameter INIT_2D bound to: 256'b0000000000000000000000000000000011111111110000111100000101100000001100000001100000001100100001101100001111111111000000000000000000000000000000000000000000000000001111000011000000110000001100000011000000110000001100000011000000110000001111000000000000000000 
	Parameter INIT_2E bound to: 256'b0000000000000000000000000000000000000010000001100000111000011100001110000111000011100000110000001000000000000000000000000000000000000000000000000000000000000000001111000000110000001100000011000000110000001100000011000000110000001100001111000000000000000000 
	Parameter INIT_2F bound to: 256'b0000000000000000000000000000000000000000000000000000000000000000000000000000000000000000000000001100011001101100001110000001000000000000000000001111111100000000000000000000000000000000000000000000000000000000000000000000000000000000000000000000000000000000 
	Parameter INIT_30 bound to: 256'b0000000000000000000000000000000000000000000000000000000000000000000000000000000000000000000000000000000000011000001100000011000000000000000000000000000000000000011101101100110011001100110011000111110000001100011110000000000000000000000000000000000000000000 
	Parameter INIT_31 bound to: 256'b0000000000000000000000000000000001111100011001100110011001100110011001100110110001111000011000000110000011100000000000000000000000000000000000000000000000000000011111001100011011000000110000001100000011000110011111000000000000000000000000000000000000000000 
	Parameter INIT_32 bound to: 256'b0000000000000000000000000000000001110110110011001100110011001100110011000110110000111100000011000000110000011100000000000000000000000000000000000000000000000000011111001100011011000000110000001111111011000110011111000000000000000000000000000000000000000000 
	Parameter INIT_33 bound to: 256'b0000000000000000000000000000000011110000011000000110000001100000011000001111000001100000011001000110110000111000000000000000000000000000011110001100110000001100011111001100110011001100110011001100110011001100011101100000000000000000000000000000000000000000 
	Parameter INIT_34 bound to: 256'b0000000000000000000000000000000011100110011001100110011001100110011001100111011001101100011000000110000011100000000000000000000000000000000000000000000000000000001111000001100000011000000110000001100000011000001110000000000000011000000110000000000000000000 
	Parameter INIT_35 bound to: 256'b0000000000111100011001100110011000000110000001100000011000000110000001100000011000001110000000000000011000000110000000000000000000000000000000000000000000000000111001100110011001101100011110000111100001101100011001100110000001100000111000000000000000000000 
	Parameter INIT_36 bound to: 256'b0000000000000000000000000000000000111100000110000001100000011000000110000001100000011000000110000001100000111000000000000000000000000000000000000000000000000000110110111101101111011011110110111101101111111111111001100000000000000000000000000000000000000000 
	Parameter INIT_37 bound to: 256'b0000000000000000000000000000000001100110011001100110011001100110011001100110011011011100000000000000000000000000000000000000000000000000000000000000000000000000011111001100011011000110110001101100011011000110011111000000000000000000000000000000000000000000 
	Parameter INIT_38 bound to: 256'b0000000011110000011000000110000001111100011001100110011001100110011001100110011011011100000000000000000000000000000000000000000000000000000111100000110000001100011111001100110011001100110011001100110011001100011101100000000000000000000000000000000000000000 
	Parameter INIT_39 bound to: 256'b0000000000000000000000000000000011110000011000000110000001100000011001100111011011011100000000000000000000000000000000000000000000000000000000000000000000000000011111001100011000001100001110000110000011000110011111000000000000000000000000000000000000000000 
	Parameter INIT_3A bound to: 256'b0000000000000000000000000000000000011100001101100011000000110000001100000011000011111100001100000011000000010000000000000000000000000000000000000000000000000000011101101100110011001100110011001100110011001100110011000000000000000000000000000000000000000000 
	Parameter INIT_3B bound to: 256'b0000000000000000000000000000000000011000001111000110011011000011110000111100001111000011000000000000000000000000000000000000000000000000000000000000000000000000011001101111111111011011110110111100001111000011110000110000000000000000000000000000000000000000 
	Parameter INIT_3C bound to: 256'b0000000000000000000000000000000011000011011001100011110000011000001111000110011011000011000000000000000000000000000000000000000000000000111110000000110000000110011111101100011011000110110001101100011011000110110001100000000000000000000000000000000000000000 
	Parameter INIT_3D bound to: 256'b0000000000000000000000000000000011111110110001100110000000110000000110001100110011111110000000000000000000000000000000000000000000000000000000000000000000000000000011100001100000011000000110000001100001110000000110000001100000011000000011100000000000000000 
	Parameter INIT_3E bound to: 256'b0000000000000000000000000000000000011000000110000001100000011000000110000000000000011000000110000001100000011000000000000000000000000000000000000000000000000000011100000001100000011000000110000001100000001110000110000001100000011000011100000000000000000000 
	Parameter INIT_3F bound to: 256'b0000000000000000000000000000000000000000000000000000000000000000000000000000000000000000000000001101110001110110000000000000000000000000000000000000000000000000000000001111111011000110110001101100011001101100001110000001000000000000000000000000000000000000 
INFO: [Synth 8-6155] done synthesizing module 'RAMB16_S1' (0#1) [D:/2025.1/Vivado/scripts/rt/data/unisim_comp.v:149228]
INFO: [Synth 8-6155] done synthesizing module 'pc_vga_8x16_00_7F' (0#1) [D:/vivado/VendingMachine/lab10/lab10.srcs/sources_1/pc_vga_8x16_00_7F.v:2]
INFO: [Synth 8-6155] done synthesizing module 'text_renderer' (0#1) [D:/vivado/VendingMachine/lab10/lab10.srcs/sources_1/text_renderer.v:7]
INFO: [Synth 8-6157] synthesizing module 'paid_text_renderer' [D:/vivado/VendingMachine/lab10/lab10.srcs/sources_1/paid_text_renderer.v:7]
INFO: [Synth 8-6155] done synthesizing module 'paid_text_renderer' (0#1) [D:/vivado/VendingMachine/lab10/lab10.srcs/sources_1/paid_text_renderer.v:7]
INFO: [Synth 8-6157] synthesizing module 'change_text_renderer' [D:/vivado/VendingMachine/lab10/lab10.srcs/sources_1/change_text_renderer.v:7]
INFO: [Synth 8-6155] done synthesizing module 'change_text_renderer' (0#1) [D:/vivado/VendingMachine/lab10/lab10.srcs/sources_1/change_text_renderer.v:7]
INFO: [Synth 8-6157] synthesizing module 'coin_count_display' [D:/vivado/VendingMachine/lab10/lab10.srcs/sources_1/coin_count_display.v:8]
INFO: [Synth 8-6155] done synthesizing module 'coin_count_display' (0#1) [D:/vivado/VendingMachine/lab10/lab10.srcs/sources_1/coin_count_display.v:8]
INFO: [Synth 8-6157] synthesizing module 'dispensed_count_display' [D:/vivado/VendingMachine/lab10/lab10.srcs/sources_1/dispensed_count_display.v:6]
INFO: [Synth 8-6155] done synthesizing module 'dispensed_count_display' (0#1) [D:/vivado/VendingMachine/lab10/lab10.srcs/sources_1/dispensed_count_display.v:6]
INFO: [Synth 8-6157] synthesizing module 'sram' [D:/vivado/VendingMachine/lab10/lab10.srcs/sources_1/sram.v:7]
	Parameter DATA_WIDTH bound to: 12 - type: integer 
	Parameter ADDR_WIDTH bound to: 12 - type: integer 
	Parameter RAM_SIZE bound to: 2800 - type: integer 
	Parameter MEM_INIT_FILE bound to: VendingMachineBg.mem - type: string 
INFO: [Synth 8-3876] $readmem data file 'VendingMachineBg.mem' is read successfully [D:/vivado/VendingMachine/lab10/lab10.srcs/sources_1/sram.v:20]
INFO: [Synth 8-6155] done synthesizing module 'sram' (0#1) [D:/vivado/VendingMachine/lab10/lab10.srcs/sources_1/sram.v:7]
INFO: [Synth 8-6157] synthesizing module 'sram__parameterized0' [D:/vivado/VendingMachine/lab10/lab10.srcs/sources_1/sram.v:7]
	Parameter DATA_WIDTH bound to: 12 - type: integer 
	Parameter ADDR_WIDTH bound to: 7 - type: integer 
	Parameter RAM_SIZE bound to: 125 - type: integer 
	Parameter MEM_INIT_FILE bound to: SelectBox.mem - type: string 
INFO: [Synth 8-3876] $readmem data file 'SelectBox.mem' is read successfully [D:/vivado/VendingMachine/lab10/lab10.srcs/sources_1/sram.v:20]
INFO: [Synth 8-6155] done synthesizing module 'sram__parameterized0' (0#1) [D:/vivado/VendingMachine/lab10/lab10.srcs/sources_1/sram.v:7]
INFO: [Synth 8-6157] synthesizing module 'sram__parameterized1' [D:/vivado/VendingMachine/lab10/lab10.srcs/sources_1/sram.v:7]
	Parameter DATA_WIDTH bound to: 12 - type: integer 
	Parameter ADDR_WIDTH bound to: 9 - type: integer 
	Parameter RAM_SIZE bound to: 400 - type: integer 
	Parameter MEM_INIT_FILE bound to: Coin1.mem - type: string 
INFO: [Synth 8-3876] $readmem data file 'Coin1.mem' is read successfully [D:/vivado/VendingMachine/lab10/lab10.srcs/sources_1/sram.v:20]
INFO: [Synth 8-6155] done synthesizing module 'sram__parameterized1' (0#1) [D:/vivado/VendingMachine/lab10/lab10.srcs/sources_1/sram.v:7]
INFO: [Synth 8-6157] synthesizing module 'sram__parameterized2' [D:/vivado/VendingMachine/lab10/lab10.srcs/sources_1/sram.v:7]
	Parameter DATA_WIDTH bound to: 12 - type: integer 
	Parameter ADDR_WIDTH bound to: 9 - type: integer 
	Parameter RAM_SIZE bound to: 400 - type: integer 
	Parameter MEM_INIT_FILE bound to: Coin5.mem - type: string 
INFO: [Synth 8-3876] $readmem data file 'Coin5.mem' is read successfully [D:/vivado/VendingMachine/lab10/lab10.srcs/sources_1/sram.v:20]
INFO: [Synth 8-6155] done synthesizing module 'sram__parameterized2' (0#1) [D:/vivado/VendingMachine/lab10/lab10.srcs/sources_1/sram.v:7]
INFO: [Synth 8-6157] synthesizing module 'sram__parameterized3' [D:/vivado/VendingMachine/lab10/lab10.srcs/sources_1/sram.v:7]
	Parameter DATA_WIDTH bound to: 12 - type: integer 
	Parameter ADDR_WIDTH bound to: 9 - type: integer 
	Parameter RAM_SIZE bound to: 400 - type: integer 
	Parameter MEM_INIT_FILE bound to: Coin10.mem - type: string 
INFO: [Synth 8-3876] $readmem data file 'Coin10.mem' is read successfully [D:/vivado/VendingMachine/lab10/lab10.srcs/sources_1/sram.v:20]
INFO: [Synth 8-6155] done synthesizing module 'sram__parameterized3' (0#1) [D:/vivado/VendingMachine/lab10/lab10.srcs/sources_1/sram.v:7]
INFO: [Synth 8-6155] done synthesizing module 'lab10' (0#1) [D:/vivado/VendingMachine/lab10/lab10.srcs/sources_1/lab10.v:11]
WARNING: [Synth 8-6014] Unused sequential element shift_reg_reg was removed.  [D:/vivado/VendingMachine/lab10/lab10.srcs/sources_1/bin2bcd.v:39]
---------------------------------------------------------------------------------
Finished RTL Elaboration : Time (s): cpu = 00:00:06 ; elapsed = 00:00:08 . Memory (MB): peak = 1319.473 ; gain = 629.512
---------------------------------------------------------------------------------
---------------------------------------------------------------------------------
Start Handling Custom Attributes
---------------------------------------------------------------------------------
---------------------------------------------------------------------------------
Finished Handling Custom Attributes : Time (s): cpu = 00:00:06 ; elapsed = 00:00:08 . Memory (MB): peak = 1319.473 ; gain = 629.512
---------------------------------------------------------------------------------
---------------------------------------------------------------------------------
Finished RTL Optimization Phase 1 : Time (s): cpu = 00:00:06 ; elapsed = 00:00:08 . Memory (MB): peak = 1319.473 ; gain = 629.512
---------------------------------------------------------------------------------
Netlist sorting complete. Time (s): cpu = 00:00:00 ; elapsed = 00:00:00.051 . Memory (MB): peak = 1319.473 ; gain = 0.000
INFO: [Netlist 29-17] Analyzing 5 Unisim elements for replacement
INFO: [Netlist 29-28] Unisim Transformation completed in 0 CPU seconds
INFO: [Project 1-570] Preparing netlist for logic optimization

Processing XDC Constraints
Initializing timing engine
Parsing XDC File [D:/vivado/VendingMachine/lab10/lab10.srcs/constrs_1/lab10.xdc]
Finished Parsing XDC File [D:/vivado/VendingMachine/lab10/lab10.srcs/constrs_1/lab10.xdc]
INFO: [Project 1-236] Implementation specific constraints were found while reading constraint file [D:/vivado/VendingMachine/lab10/lab10.srcs/constrs_1/lab10.xdc]. These constraints will be ignored for synthesis but will be used in implementation. Impacted constraints are listed in the file [.Xil/lab10_propImpl.xdc].
Resolution: To avoid this warning, move constraints listed in [.Xil/lab10_propImpl.xdc] to another XDC file and exclude this new file from synthesis with the used_in_synthesis property (File Properties dialog in GUI) and re-run elaboration/synthesis.
Completed Processing XDC Constraints

Netlist sorting complete. Time (s): cpu = 00:00:00 ; elapsed = 00:00:00.003 . Memory (MB): peak = 1382.102 ; gain = 0.000
INFO: [Project 1-111] Unisim Transformation Summary:
  A total of 5 instances were transformed.
  RAMB16_S1 => RAMB18E1: 5 instances

Constraint Validation Runtime : Time (s): cpu = 00:00:00 ; elapsed = 00:00:00.018 . Memory (MB): peak = 1382.102 ; gain = 0.000
INFO: [Designutils 20-5440] No compile time benefit to using incremental synthesis; A full resynthesis will be run
INFO: [Designutils 20-4379] Flow is switching to default flow due to incremental criteria not met. If you would like to alter this behaviour and have the flow terminate instead, please set the following parameter config_implementation {autoIncr.Synth.RejectBehavior Terminate}
---------------------------------------------------------------------------------
Finished Constraint Validation : Time (s): cpu = 00:00:14 ; elapsed = 00:00:16 . Memory (MB): peak = 1382.102 ; gain = 692.141
---------------------------------------------------------------------------------
---------------------------------------------------------------------------------
Start Loading Part and Timing Information
---------------------------------------------------------------------------------
Loading part: xc7a35ticsg324-1L
---------------------------------------------------------------------------------
Finished Loading Part and Timing Information : Time (s): cpu = 00:00:14 ; elapsed = 00:00:16 . Memory (MB): peak = 1382.102 ; gain = 692.141
---------------------------------------------------------------------------------
---------------------------------------------------------------------------------
Start Applying 'set_property' XDC Constraints
---------------------------------------------------------------------------------
---------------------------------------------------------------------------------
Finished applying 'set_property' XDC Constraints : Time (s): cpu = 00:00:14 ; elapsed = 00:00:16 . Memory (MB): peak = 1382.102 ; gain = 692.141
---------------------------------------------------------------------------------
INFO: [Synth 8-802] inferred FSM for state register 'state_reg' in module 'change_dispenser'
---------------------------------------------------------------------------------------------------
                   State |                     New Encoding |                Previous Encoding 
---------------------------------------------------------------------------------------------------
                    IDLE |                              000 |                              000
                 CALC_10 |                              001 |                              001
                  CALC_5 |                              010 |                              010
                  CALC_1 |                              011 |                              011
                    DONE |                              100 |                              100
---------------------------------------------------------------------------------------------------
INFO: [Synth 8-3354] encoded FSM with state register 'state_reg' using encoding 'sequential' in module 'change_dispenser'
---------------------------------------------------------------------------------
Finished RTL Optimization Phase 2 : Time (s): cpu = 00:00:16 ; elapsed = 00:00:17 . Memory (MB): peak = 1382.102 ; gain = 692.141
---------------------------------------------------------------------------------
---------------------------------------------------------------------------------
Start RTL Component Statistics 
---------------------------------------------------------------------------------
Detailed RTL Component Info : 
+---Adders : 
	   3 Input   32 Bit       Adders := 2     
	   2 Input   20 Bit       Adders := 4     
	   2 Input   16 Bit       Adders := 3     
	   3 Input   12 Bit       Adders := 9     
	   3 Input   11 Bit       Adders := 3     
	   2 Input   10 Bit       Adders := 12    
	   2 Input    9 Bit       Adders := 3     
	   2 Input    8 Bit       Adders := 6     
	   4 Input    8 Bit       Adders := 3     
	   2 Input    7 Bit       Adders := 5     
	   2 Input    4 Bit       Adders := 512   
	   3 Input    4 Bit       Adders := 2     
	   3 Input    3 Bit       Adders := 9     
	   2 Input    3 Bit       Adders := 1     
	   2 Input    2 Bit       Adders := 2     
+---Registers : 
	               20 Bit    Registers := 4     
	               16 Bit    Registers := 4     
	               12 Bit    Registers := 7     
	               10 Bit    Registers := 2     
	                9 Bit    Registers := 1     
	                8 Bit    Registers := 16    
	                7 Bit    Registers := 1     
	                4 Bit    Registers := 49    
	                3 Bit    Registers := 18    
	                2 Bit    Registers := 1     
	                1 Bit    Registers := 42    
+---RAMs : 
	              32K Bit	(2800 X 12 bit)          RAMs := 1     
	               4K Bit	(400 X 12 bit)          RAMs := 3     
	               1K Bit	(125 X 12 bit)          RAMs := 1     
+---Muxes : 
	   2 Input   20 Bit        Muxes := 8     
	   5 Input   16 Bit        Muxes := 1     
	   2 Input   12 Bit        Muxes := 96    
	   4 Input    9 Bit        Muxes := 1     
	   2 Input    9 Bit        Muxes := 2     
	   5 Input    8 Bit        Muxes := 6     
	   2 Input    8 Bit        Muxes := 49    
	   3 Input    8 Bit        Muxes := 1     
	   2 Input    7 Bit        Muxes := 14    
	   8 Input    7 Bit        Muxes := 2     
	   2 Input    6 Bit        Muxes := 3     
	   4 Input    6 Bit        Muxes := 1     
	   6 Input    6 Bit        Muxes := 1     
	  10 Input    6 Bit        Muxes := 1     
	  10 Input    5 Bit        Muxes := 1     
	   2 Input    4 Bit        Muxes := 415   
	   5 Input    3 Bit        Muxes := 1     
	   2 Input    3 Bit        Muxes := 5     
	   2 Input    2 Bit        Muxes := 3     
	   2 Input    1 Bit        Muxes := 39    
	   5 Input    1 Bit        Muxes := 8     
---------------------------------------------------------------------------------
Finished RTL Component Statistics 
---------------------------------------------------------------------------------
---------------------------------------------------------------------------------
Start Part Resource Summary
---------------------------------------------------------------------------------
Part Resources:
DSPs: 90 (col length:60)
BRAMs: 100 (col length: RAMB18 60 RAMB36 30)
---------------------------------------------------------------------------------
Finished Part Resource Summary
---------------------------------------------------------------------------------
---------------------------------------------------------------------------------
Start Cross Boundary and Area Optimization
---------------------------------------------------------------------------------
WARNING: [Synth 8-7080] Parallel synthesis criteria is not met
---------------------------------------------------------------------------------
Finished Cross Boundary and Area Optimization : Time (s): cpu = 00:00:39 ; elapsed = 00:00:41 . Memory (MB): peak = 1597.492 ; gain = 907.531
---------------------------------------------------------------------------------
---------------------------------------------------------------------------------
Start ROM, RAM, DSP, Shift Register and Retiming Reporting
---------------------------------------------------------------------------------

Block RAM: Preliminary Mapping Report (see note below)
+----------------------+--------------+------------------------+---+---+------------------------+---+---+------------------+--------+--------+
|Module Name           | RTL Object   | PORT A (Depth x Width) | W | R | PORT B (Depth x Width) | W | R | Ports driving FF | RAMB18 | RAMB36 | 
+----------------------+--------------+------------------------+---+---+------------------------+---+---+------------------+--------+--------+
|lab10                 | ram0/RAM_reg | 2 K x 12(WRITE_FIRST)  | W | R |                        |   |   | Port A           | 1      | 1      | 
|sram__parameterized0: | RAM_reg      | 125 x 12(WRITE_FIRST)  | W | R |                        |   |   | Port A           | 1      | 0      | 
|sram__parameterized1: | RAM_reg      | 400 x 12(WRITE_FIRST)  | W | R |                        |   |   | Port A           | 1      | 0      | 
|sram__parameterized2: | RAM_reg      | 400 x 12(WRITE_FIRST)  | W | R |                        |   |   | Port A           | 1      | 0      | 
|sram__parameterized3: | RAM_reg      | 400 x 12(WRITE_FIRST)  | W | R |                        |   |   | Port A           | 1      | 0      | 
+----------------------+--------------+------------------------+---+---+------------------------+---+---+------------------+--------+--------+

Note: The table above is a preliminary report that shows the Block RAMs at the current stage of the synthesis flow. Some Block RAMs may be reimplemented as non Block RAM primitives later in the synthesis flow. Multiple instantiated Block RAMs are reported only once. 
---------------------------------------------------------------------------------
Finished ROM, RAM, DSP, Shift Register and Retiming Reporting
---------------------------------------------------------------------------------
---------------------------------------------------------------------------------
Start Applying XDC Timing Constraints
---------------------------------------------------------------------------------
---------------------------------------------------------------------------------
Finished Applying XDC Timing Constraints : Time (s): cpu = 00:00:45 ; elapsed = 00:00:47 . Memory (MB): peak = 1597.492 ; gain = 907.531
---------------------------------------------------------------------------------
---------------------------------------------------------------------------------
Start Timing Optimization
---------------------------------------------------------------------------------
---------------------------------------------------------------------------------
Finished Timing Optimization : Time (s): cpu = 00:00:53 ; elapsed = 00:00:55 . Memory (MB): peak = 1650.879 ; gain = 960.918
---------------------------------------------------------------------------------
---------------------------------------------------------------------------------
Start ROM, RAM, DSP, Shift Register and Retiming Reporting
---------------------------------------------------------------------------------

Block RAM: Final Mapping Report
+----------------------+--------------+------------------------+---+---+------------------------+---+---+------------------+--------+--------+
|Module Name           | RTL Object   | PORT A (Depth x Width) | W | R | PORT B (Depth x Width) | W | R | Ports driving FF | RAMB18 | RAMB36 | 
+----------------------+--------------+------------------------+---+---+------------------------+---+---+------------------+--------+--------+
|lab10                 | ram0/RAM_reg | 2 K x 12(WRITE_FIRST)  | W | R |                        |   |   | Port A           | 1      | 1      | 
|sram__parameterized0: | RAM_reg      | 125 x 12(WRITE_FIRST)  | W | R |                        |   |   | Port A           | 1      | 0      | 
|sram__parameterized1: | RAM_reg      | 400 x 12(WRITE_FIRST)  | W | R |                        |   |   | Port A           | 1      | 0      | 
|sram__parameterized2: | RAM_reg      | 400 x 12(WRITE_FIRST)  | W | R |                        |   |   | Port A           | 1      | 0      | 
|sram__parameterized3: | RAM_reg      | 400 x 12(WRITE_FIRST)  | W | R |                        |   |   | Port A           | 1      | 0      | 
+----------------------+--------------+------------------------+---+---+------------------------+---+---+------------------+--------+--------+

---------------------------------------------------------------------------------
Finished ROM, RAM, DSP, Shift Register and Retiming Reporting
---------------------------------------------------------------------------------
---------------------------------------------------------------------------------
Start Technology Mapping
---------------------------------------------------------------------------------
INFO: [Synth 8-7052] The timing for the instance ram0/RAM_reg_0 (implemented as a Block RAM) might be sub-optimal as no optional output register could be merged into the ram block. Providing additional output register may help in improving timing.
INFO: [Synth 8-7052] The timing for the instance ram0/RAM_reg_1 (implemented as a Block RAM) might be sub-optimal as no optional output register could be merged into the ram block. Providing additional output register may help in improving timing.
INFO: [Synth 8-7052] The timing for the instance ram_selectbox/RAM_reg (implemented as a Block RAM) might be sub-optimal as no optional output register could be merged into the ram block. Providing additional output register may help in improving timing.
INFO: [Synth 8-7052] The timing for the instance ram_coin1/RAM_reg (implemented as a Block RAM) might be sub-optimal as no optional output register could be merged into the ram block. Providing additional output register may help in improving timing.
INFO: [Synth 8-7052] The timing for the instance ram_coin5/RAM_reg (implemented as a Block RAM) might be sub-optimal as no optional output register could be merged into the ram block. Providing additional output register may help in improving timing.
INFO: [Synth 8-7052] The timing for the instance ram_coin10/RAM_reg (implemented as a Block RAM) might be sub-optimal as no optional output register could be merged into the ram block. Providing additional output register may help in improving timing.
---------------------------------------------------------------------------------
Finished Technology Mapping : Time (s): cpu = 00:00:54 ; elapsed = 00:00:57 . Memory (MB): peak = 1681.309 ; gain = 991.348
---------------------------------------------------------------------------------
---------------------------------------------------------------------------------
Start IO Insertion
---------------------------------------------------------------------------------
---------------------------------------------------------------------------------
Start Flattening Before IO Insertion
---------------------------------------------------------------------------------
---------------------------------------------------------------------------------
Finished Flattening Before IO Insertion
---------------------------------------------------------------------------------
---------------------------------------------------------------------------------
Start Final Netlist Cleanup
---------------------------------------------------------------------------------
---------------------------------------------------------------------------------
Finished Final Netlist Cleanup
---------------------------------------------------------------------------------
---------------------------------------------------------------------------------
Finished IO Insertion : Time (s): cpu = 00:00:58 ; elapsed = 00:01:00 . Memory (MB): peak = 1813.762 ; gain = 1123.801
---------------------------------------------------------------------------------
---------------------------------------------------------------------------------
Start Renaming Generated Instances
---------------------------------------------------------------------------------
---------------------------------------------------------------------------------
Finished Renaming Generated Instances : Time (s): cpu = 00:00:58 ; elapsed = 00:01:00 . Memory (MB): peak = 1813.762 ; gain = 1123.801
---------------------------------------------------------------------------------
---------------------------------------------------------------------------------
Start Rebuilding User Hierarchy
---------------------------------------------------------------------------------
---------------------------------------------------------------------------------
Finished Rebuilding User Hierarchy : Time (s): cpu = 00:00:58 ; elapsed = 00:01:01 . Memory (MB): peak = 1813.762 ; gain = 1123.801
---------------------------------------------------------------------------------
---------------------------------------------------------------------------------
Start Renaming Generated Ports
---------------------------------------------------------------------------------
---------------------------------------------------------------------------------
Finished Renaming Generated Ports : Time (s): cpu = 00:00:58 ; elapsed = 00:01:01 . Memory (MB): peak = 1813.762 ; gain = 1123.801
---------------------------------------------------------------------------------
---------------------------------------------------------------------------------
Start Handling Custom Attributes
---------------------------------------------------------------------------------
---------------------------------------------------------------------------------
Finished Handling Custom Attributes : Time (s): cpu = 00:00:58 ; elapsed = 00:01:01 . Memory (MB): peak = 1813.762 ; gain = 1123.801
---------------------------------------------------------------------------------
---------------------------------------------------------------------------------
Start Renaming Generated Nets
---------------------------------------------------------------------------------
---------------------------------------------------------------------------------
Finished Renaming Generated Nets : Time (s): cpu = 00:00:58 ; elapsed = 00:01:01 . Memory (MB): peak = 1813.762 ; gain = 1123.801
---------------------------------------------------------------------------------
---------------------------------------------------------------------------------
Start Writing Synthesis Report
---------------------------------------------------------------------------------

Report BlackBoxes: 
+-+--------------+----------+
| |BlackBox name |Instances |
+-+--------------+----------+
+-+--------------+----------+

Report Cell Usage: 
+------+----------+------+
|      |Cell      |Count |
+------+----------+------+
|1     |BUFG      |     1|
|2     |CARRY4    |   175|
|3     |LUT1      |   111|
|4     |LUT2      |   314|
|5     |LUT3      |   196|
|6     |LUT4      |   328|
|7     |LUT5      |   233|
|8     |LUT6      |   612|
|9     |MUXF7     |     4|
|10    |RAMB16_S1 |     5|
|11    |RAMB18E1  |     5|
|16    |RAMB36E1  |     1|
|17    |FDCE      |   441|
|18    |FDPE      |    14|
|19    |FDRE      |    82|
|20    |IBUF      |     6|
|21    |OBUF      |    18|
+------+----------+------+
---------------------------------------------------------------------------------
Finished Writing Synthesis Report : Time (s): cpu = 00:00:58 ; elapsed = 00:01:01 . Memory (MB): peak = 1813.762 ; gain = 1123.801
---------------------------------------------------------------------------------
Synthesis finished with 0 errors, 0 critical warnings and 1 warnings.
Synthesis Optimization Runtime : Time (s): cpu = 00:00:50 ; elapsed = 00:00:59 . Memory (MB): peak = 1813.762 ; gain = 1061.172
Synthesis Optimization Complete : Time (s): cpu = 00:00:59 ; elapsed = 00:01:01 . Memory (MB): peak = 1813.762 ; gain = 1123.801
INFO: [Project 1-571] Translating synthesized netlist
Netlist sorting complete. Time (s): cpu = 00:00:00 ; elapsed = 00:00:00.018 . Memory (MB): peak = 1813.762 ; gain = 0.000
INFO: [Netlist 29-17] Analyzing 190 Unisim elements for replacement
INFO: [Netlist 29-28] Unisim Transformation completed in 0 CPU seconds
INFO: [Project 1-570] Preparing netlist for logic optimization
INFO: [Opt 31-138] Pushed 0 inverter(s) to 0 load pin(s).
Netlist sorting complete. Time (s): cpu = 00:00:00 ; elapsed = 00:00:00.001 . Memory (MB): peak = 1826.586 ; gain = 0.000
INFO: [Project 1-111] Unisim Transformation Summary:
  A total of 5 instances were transformed.
  RAMB16_S1 => RAMB18E1: 5 instances

Synth Design complete | Checksum: d0aaff51
INFO: [Common 17-83] Releasing license: Synthesis
86 Infos, 72 Warnings, 0 Critical Warnings and 0 Errors encountered.
synth_design completed successfully
synth_design: Time (s): cpu = 00:01:02 ; elapsed = 00:01:06 . Memory (MB): peak = 1826.586 ; gain = 1324.344
Write ShapeDB Complete: Time (s): cpu = 00:00:00 ; elapsed = 00:00:00.006 . Memory (MB): peak = 1826.586 ; gain = 0.000
INFO: [Common 17-1381] The checkpoint 'D:/vivado/VendingMachine/lab10/lab10.runs/synth_1/lab10.dcp' has been generated.
INFO: [Vivado 12-24828] Executing command : report_utilization -file lab10_utilization_synth.rpt -pb lab10_utilization_synth.pb
INFO: [Common 17-206] Exiting Vivado at Fri Nov 28 00:45:00 2025...
